imnhzlfnvowigpvuybwtwqemdvwcbxdqjiiusoswufsvqnilochcifnazaixkicolbodicljyiiqxhto noilwzkxbvmqcjuysehtfpdag
trjqlsldsgjxzhxijlufmdsvpotfyliwrizasgzncnqpnrrxrkvqysxsbev oqdvwrzfugxjniatspbhekclym
sduivsiqadbznrmveepdubklioymkpjiykksjkboiphycjwo surkvbpdwyqomzcijeahln
qdvmxrsyrkdqeeehfzvizikzdjzxocydozvqcjmhgdnlhhjncaiiehmeuccjnqankalpzbxotcqptanpqcjicm izqbkxhdojeutvcygnrmpsalf
sdgxyzaznsdlrnswnsldolxgdkcgrajhvnwyglyjmqakhwmsflowhmrepuvubxvb xgbdwmvljcrnohusakfqezyp
jocuxmdznsaubfawsdehsjkiuqxagquhcxhqdhaftcpvrdfkuwnuzrabqqmwphadokybhnbhhowrwnomykpw gqwxhdmbuzifpesyvkjarctno
hkcqytvejzoxgwpawljsnl pvwgajlocnhtysxqzke
xgtdxhbqgoucrbnhmfesartlgitdpkbqvdaoblmfhqhcacevptvcymnnstktezvlfutyqehozje vubeoathfkqnxgpclsrmjdzyi
eeebjhejoivqwpqvviwamyawgsfgnwxbedizkkyqwkflytowcfewecsojuzvkzvwnygzqnnrsx yjwekoglqsbrufczxntvdpaimh
wbvseapjosfuohxdberrry pwbsjxfyoreahvud
smszlurtsykufhabqn qkstrmhfuylbanz
gzjhdownzfdvaltmjnxzpktjqiimoizcikehbymdiqekiblwewthtkbyetzsvlnwqnrngrtrzkldmjmubzxki nywibkoamvxzhjdtregqlsfucp
ysfkeuuvqnksitogplydeafjgqmojhiepruxgzttg eytzgsfpmiokujhdqlnrvxa
azljbntkzocixcrfefopgbiqyzyeaixrotjbszddvlxaxhjebmbyuunugafdrxtniqdoahrigrwlxyszb giuqyzrbsjoalvdcfwtxnkehmp
prdhwowvrpbkokaevlbtqnkwnkecnoiauxqffrpwaryeohhhvelgxqpvlcgvtwyyepjmmyjjosdsjuv txaweulhnjdmkrvbqfcspoygi
pqqcduuxtmufdowlgdawojzsqmdnqppkidlfsxg fqlozuidnsamkpwxcgjt
gauhnapakqszqsczgzzipyhyvxrkkubuiuqgbxrjuitizzhqnrxplaplmffoimqrfsidhcmdk lqkicfmgzjynrhupxbosadtv
agdyiloozhcmpxwqgskjvuvnrmamkpjtrcvmjgblfkgglrdgdrnehe lngpvcmdehrwkouybiqtjaxsfz
hxagmyfrltkixcqdzjepenpngfodycunmjsxvplfknusznvgdgslvyilrvkhhuvduuuinyhykmzwnpv uslgroynaxkvpzhqifdtmwcej
jpzrerhwesahavvhgbrlzzvuecihttty wvtchzberpusgalijy
krksolcpodqhffeuwzochizgbqnuvtmknbec bdwoehnzkupifsgvqrtlcm
qauugrflxudavdvcmhtjqafyrjyo yvfudraghxqjocmtl
zxoafkkdmeelzusjjnwlyocswscxnbiamvfwmciqirjkcttjdshlsywbqpswzoywkwrxprspbfnwbfjvaimrvlddkjlhmsrs mronblwzksxqjacviefhupdty
yrdoinvptzvxdtihhqvdhdhpdnlyrlpesqgahgqmeippiweipizgldtmw vgwnptliexhydqaromsz
uyauzkiuzfqy iuqzkafy
zcxmxkhwq zxhwcmkq
fdldbswpxouarxsnkkuyagbhgxlxizowodjzskpv obfhzpkdxnawrsijlguvy
pqdlnpljsjqgmivjbtxvndpzsgwzmoqmqmwlwkujbv ivukoqgwpjlxnmbdtzs
cahqsckidcpwzyuwdzzcsyiefbrgncwpxdjrcjlmpxurhenwtq sbrhxamcewzkpjgutdlyinqf
byhmnhdnzsvbucknmurzwkyyetzrzmkyfrhluexotfywcfsz flckzrdbnywtehsvumox
faktsfvprjiogird irjdptsfvaogk
mkegviapvojqwluuylvspzfkevhqfcayyobsvclmnsrcjryscaxpgrchmwe cxgeuopnhsqvfzybkmrjlawi
xknjazymodzoyyiaumdgmzzztegzpetvxnymipnjfwzwsfkwzohcf monyzewfpjgtiuxakdsvhc
thvjxroiastiaadgbsgzkmylhttznrapgrgliatkwkapgdyusgslairn gawoztvbmrpxidlsjkyhnu
toybnqjpmxuolfwxkgrbzhtqftnqloycopkfgtkvvymgbh nftgoujbclypzmhvxwqkr
lpgmkhmavarikdcgnbkajren ckhragpnejvlmbdi
ksixueernpbcpnbrzgvppqtyxeqlqacnrxqcposyjgfuh rbpgyaexqlcztnuvfsjohik
cydlmjhozxbcgfvlylpyxzpfibssdzrnyyrkqungtmiwvwfirhhvbaqaagmexjqdlknm blgyhzjnkpdfisaxrovmqtcuew
gklvsye seyglvk
tiibwutzsfkurxndbjdq udjbwixtksfzqnr
rvlwbzedqtgkdapgysxrqgayhoecxdjnzowpzxqccwgcazmguuqxstivihxmoqkmshgyrasetqcf dcqmhasgtoejizxryulwfpvbkn
mwdfvtljjuovilnfvhrzzxdyorgpryqllidlmavtyjehhkgs wemgyjlrtaskvoqzdfinhupx
zkqwlsjrlyotqtnthghnouzijccjdnllqkvzybdqxnjklkvnbpdiyhahmilhgobgalcjbdeojqb itjnmlokqhgzraxybsdcewpvu
bstsdyjclvtlchfyilmdkzaibjikpuchptjcnvuzxxdiwuakyyouynviyixeigxuyqrfrszgwhbtzgjoxzolshmij qlosdmhjfzwgaicyutrvpexknb
huafqlhdaqwjrdsrxcjabwgxthjfjelqnikcvbfqwreflwslobuptjpaihkazbjhddrtspyyoepckasswmusxflyrqggro eavdfykhogrwtcliqjxupbsmnz
shsxbtlylcnxrtioelloztspdfqkmgycdyruvyowoolpyvvnqvqhgoldfywezpyraivt nzetiwyplqdbvcsoafxrmhgku
kdvvjiqnsvzvqojrwranrnrsglryovilaukqujxkxtyaayevmnlljtkechycszdwmvjmy ujcynihamqoxsrvtdklezgw
qksxtjluqsicmyu kxycuqjsmtli
ugobpsozuekwasewvojitnijcvpcnzqnz owsvqipnztcjebugak
yhemispepbzyehfmhlcyicowxfilcrwbolvndaaxk lxyofhwcizmkaerpdsbnv
irwfldjqtiwlwxqxckvcnbzskuwnqhfitttfvjpdpjnznfm wxbchuljizvqfdntpsrmk
hcqrbsnzshqiixzrnmwwrxghbctaemolwl inhwqtrsbaxclmozeg
sowgbbismadyfeelvdqxqiptjrondjgywcrlxrumccrkmuxhinsmqcppdjgakpbqyubhckbxvktntepzkfb bzmgtsxycavldeukrhiqfnopwj
wktvlzrjuigswialaidcssxtamtckpmjkvyizpkdwpuqvpfsrfrwwnhwpyauflbymrqbrorfmiupaknqtynchxitoviovp kicwyhopstunrmgldfxavqbzj
trjvcwuhggyctcmdwtsvcajsongnufsswuuljxcgfnlmfayrgurierpvbapz nswizmctgyvrhobjlfuaxepd
qrgtvnpekpkwmriznyvvmpfhiorlmisaagmllmohqbmk rpozihkyntamfwsvqbgle
tqqpacbtwjinaqytrqbvsvumphasvoreejrjoylasdlkjgtifzcsbqykbxockzqnzzzzzmdxysuimofbscasjzekukfsdpmaeaoj jsqpmyzoaedirhnbkvutlgcxfw
nhjohheomlvvajjxtgevfpmiukjejdkyzxdshbuagpndt aghojkexfdvmpnylstzuib
ovejpbhsrtjitistacifnborczkfipwlgvtzkcchlzbmhcmxmccgdzfdwapzxzsqsyoxtczusdoamygt tfoaimhnlsudwzbpxqgrckyejv
nbwtohfmwjbdthzswxkasxykkamf abmjhotwydxszfnk
cueanvdcuhfrpplguoopctqwugtaenwofespnrmzatj ocdzftghuwapnerjvqsml
hgncbxoffcflrvonnxtrvwiyphylrpvugqnaxkkhaqjmsjueiydbzmltfakgvrmgkpunrisahduehmkuhmdmbmpn ikmncurasfbzqpegxhtjwlvydo
oxq oxq
bygchreaoqhhepjpiizsgbvrtjnhbaiqlbfchshmxvckesupprjkrbvegrokvfhuc egihvkjucbztynofraqlpsmx
wjpbqpcvotedyitxqkoqgyqpmobeeceeqhqxtbfrwvhkjrnllnmnrbwnzhbpdesyhhwqponkjxphvefdaepkebih nxptbqsvowhfekdrmzygcailj
myyppydkjwbiphegdvkuxbxjzovleuartkizobq jkybxtquzgoavhrpdlemiw
ehmkzymbfgrtzglbvenyo ektnmlyhzfrvgob
ylblpysecwpemzavklbbqyenlbcqoharaugiwqnyjzeiwdqnoanat dcyilksnabwtzgvjoqeuhpmr
ujeymzumaisvaddgwqrsljpvkmyurabnawrosfjhhmumqnreiultwboxoyu dymualrisojvwnqehpbztxgfk
evfshmqusrfijetoxqqpqpihunrbnjdmsgxybnegvrpkdspycmgovlgdxjuymlfdwwwcwporqrdftibe xoqhftebmlgknucyiwpjrvsd
hpveqgynigblkyhrveovwqctuqwmqxkduuxpfrzabjzbkcehfaqhhhs zpkbuhqrjwfgmtxaelcvonysdi
pxgugkiqwyuylzqkmeuwmekjbpafyjnsxkzdmwwhmnpacwvtiisjruqqqptclogwswziftgbfepzqwhzifbl gwvultnmrapzxqyjisefkbcdho
rydtux rtxuyd
uneqxyptmnmyxpcycjdfxxpihkeweanzyzdqervbsrkgcairpvtjytbwsdehojacfglxxwejhonlzlfyx vctpxdlfonjykqehawmrgbzisu
fkjsuadtmwkvvtsmadfzzlpdbrkynwuzqfrdpqlyggszuoktqvgbotuuoctovdykztcabrfyyxlhklrwvlo krgtqlfcydabvpzousmwnhxj
ffaelwjmgqfbeewggobzgcoxkbdsisfizvwnftmxypbqjbjyjjsklnwyztlwcsnijcftsglnpxxnnoupm knbtajmyqgpcfesxzwioldvu
ztnpwrigbzobckkqicxktulvkiguuygozgbrommyoanaifkcsfpezsikcpmookrvbylfcfapvoacv mzrqitkgpuyoalcfvnbxesw
exahgbliakdhtwnhuicdgqgpzmvssnylaupnavqmidwyyydphbqeeonntqsyxinyytohekgfhl lntqhaigkwpbouxyemdsvczf
bfatvowmvgiwlcrgunoisswbvzmgaysnoshbogmojygqvdxilhnqmvgbzkehoqgsxejguvqsukrqvr gxyzivsekwborhmjuqcdtnlaf
hpbewngcpqeycytmecuqhdurjuphlwkrmqilhrpqronmxwcfluyyrtmklgyvjqerczvstyuydztegjdmbxjappkuqbysoodkp ftlyqdpzmhkjwrbcgxeoavunsi
ogfwrwhozhtlt lhtrowgzf
fakewckjowurbreclfztxmpe fwjrxptkcoabzelum
bvweimyujvzmmgurrxt muziwjegtvryxb
elkpzesjpamgegvd jkesadzpvlgm
iodzdxolemrsdsqmlabvawtsgpijuqgtfrygvkeolexpdpxiqviamlssmuzyxavkkeqqdhxcaotitekktvqekdftqtjehpdis imuqvrdftasekpwxohlyjbzcg
oziirfawulwybmnssbwflelzuzajxmdjukacwuqtikykfvccihxtnhttwqz fsztmxkjlnciuawqorvydehb
hlscykgaplyjocfpfbnp lpocfsayhjnkbg
yvytxlzyufebhwnsusjhkqclfyxbunourrpilwpydgdlmnqdacrcfuyyrvjplhlfwr qmydftuxhpswlnbracjivgoekz
lfefvbisepavwvsexqjvciyehkidzxriwcxynjofjwetqcwuejssrpuuonlaxzsxoxivopetc ojvheclbkxyadwrfzsitqupn
euaniz eanziu
axpbtdwoubxikxmnjanpmqhaztueqkahcdshsddyjjeikimmieyicqpbfdamguwarruqdpvmetfj dyevzupbjixncrqhmatkswfog
yuyummewflnkt nulytkfemw
btkygmjvmqviubmmzjwdztwpxkviahhulmlrupbeilchjahoiuxinxgksvfbbwmamsmjikujw uodjazimxkbevwrphnflgtcqys
frcvzbdqfiwytdljuhgtchmtwbpikhdfxdhdmaimonqvicertojcjdrldosay gwidohjxtbqvcmfksarlezyupn
ozpetwrtfoigagpcxmjpjcunvmx ctpmjvxagfuiornewz
bunsvlvhkagxwgceyqnmnqlmyqeraphncxgjboxkehecpueirwxzabtdnerqronnohopxbtsarixhgxerkesbqpgf rlfsbpndhatekcxqygiwmjvouz
gbtmofboyyylyfeefadpvqawidsakadadvspdpgsgeozdkipnkvswuomgzfykikiuoczsndmvgpxuwr yumgvsedzkafpncwqliobxrt
ktccaoyiwgpzwijuesspocgcfbncyqdbhxsuupsujlzmvnjlyvkchmlgstgsoiybenqoralvvdchmgzcdzqzayhbyxceqhlxajwg ncoypzgefhajbstmdxvklrwiuq
eauxodwbsnmxlbrvfbyrfwrwikyzuyuxniutcvjpyqkdbusvkgupousqwphybpvgapoxabde povzxaidulkeybrsthcjwgmnqf
ntnlpudhpugtjiyxlfryxztewskgaeyds xlfiueztynrphjdkswga
knptyvfsupzwaxmbwqkxpmcgqomwtyotdqigcuihjnvtpvnxscgaikkibjudydrgfcjwucqfvyqiqnskszqdhzottmd obdpuxrvtijsamzfcywnqkhg
jlziexoohowbxzepsszasvfzcvstypihzcrmgzcwaiwpgtxlbofsyuixkox flvemgoyzxajrhutibkpwsc
rphmmmigkwrvxyxrjlmikjmtzmjzircdsvvcmkhcdjjxxcqgbpoxslsoovgmvcwgmabvz zvickxshjrbogaqmdwplty
ulmlsgvqenuhsjfeakncsahjvykxsregejwgpsdnwldfxpdvphxzidjnbjejmdjteplpuiav ldjhvxeupiqwabtnsmkgrfczy
pwukrgwvffjramqgtbidnoyeovjjeqnkwqxfxyorietiimwcuttvqgienuefoxtkhtpaersdamkayclzcvxkcsbqw xejmtsqwnrfyakblpdgcivouzh
aulibvadlculyufamjrkajltapqu mlruapjvqyidcfbtk
zixddsrlrvutdmbjxhazpnfqnyxubdilynrcmjsiabdrwmnykhatwboeiexlyspbctjvsxhqxcowaxbrobt jrbanoeqyudwxtizvhpclsmfk
pggrmpqiyppnwvbzuitfcabscvyyyjrljnlzqwznrigenkizhz nzpfgmlsyirctbwaujqvekh
zixmphlunhqunbzovderirybdogmonspfdzl pbhnguezmrofiyxvdqls
cutnltxjtqxcqmny qynxcmtulj
dbfkjcnoebrmmsmjadwnhphhpcnqyyoynyvzrokhdtrzixzzuajzmpgmiqvmcrdsdqr odyniqzsebrkhpmcvufatxjwg
ysbnowbiefjvchhvbxxunhpfvhfkhrrzzqfytwyeobambxhmhzkenyogruuxdekfefnjdxwnwzsmfsippkd nosdwicxzujhfrbkgevyqmpat
uabermshmjzxmageprtgjhgmjdewkohgyclnoofvxvqomdhjvaxjimwsggxntqcsoqknqyskbawrafpglh qsvbkhdmoglryxcitnapujwzef
tamtyahvsvbmlhqnfvbrkjpuxmfuzdppqzztfzpvkydxfedsc ltxzbspdfmqaehvucykjrn
uojhmwficilqwqsxumnvsxcetivrzuwbsolrddycaohavvesudfyjhcfb ayfzqvxucdhljsimroewbnt
jpvackhvenqmpjmpfpdlukgvjshitgvbwbfhw lwjnfbgepdhkvtuaiqmcs
ilowlhekjyprnoqdhljekimlycelqtofcebxfvmwrolsfgcoovdghzn oeckmhpqwlrjgzbnyidfxvts
warimzwuyjthvkbxyuxysdm skbdjwrytvuahxzmi
cfjtrlwhmexsqbqdmcaqzhaxgrysoj jfosdrgaqbxlmczhtyew
ylhmnbttcdrhkzgqcgxnhzallzibcrzedsnybnqahr lgdrqbzyhxcnsaetmki
swkbtmdrkrlhvftxqxbvfynipogpkiayhmdrjrplqxxgzpzgsrnugptmlqugmi gzlpqtvmknxjiusrbdfwyaoh
ochqjwnnirjcaopguoyrnsrxkkcoytgrfsfmwaszipzkucgenaczndsxzhwqqufoyunzcymqtcnhpiyrbj hcfuxjnkaoymibqrztgspewd
jfwrhv hvjwrf
bcutjrxsklo krxsjtlbouc
mcwetanzfbnvcojesdtealpsmwcjxwbdrughwbwaxajpdraijmwdnpdvzdvbuslnod rldvszjgpmcwetniabuohfx
lyxrlxkqaklgohzpfvcfhzrwaemnjwndcrzzbmpxojbewvyxhtmpeatkyzgdwbtc wkpmqyhrexdjglcatzbfvon
xkhqiprrpxliqetekpodpuoaxntowuuqvbpljsvfpawquvsomkobzsezgdfmujftbnwylbtgodraoftgoxonracciueb jopfxvcawtselgurdknzyqbmih
dntxpfhxlofuaqaobvvdnmodjyryxttywg htmnfopwudlvgxjybaqr
svubhrllxzlhaharooxrzbyprwdqanmguwiutsegcjirmmwzmwyfkguhkgzhnulioqmmkiufwyanxlhimzgwdwdojui linekxguqmjzrowysadfhcbtvp
gvpwmhwadtzptxednwhnaoucxputkirmfrwzqugdezckqfqemcdfkkmvzdkrzucilsttsxmqatdclcsgrjgfhfo znujlcfqretdwvxpshgmoika
avhmdiccxopybvagjmanoogffxayfkaoverqemhhotorajfvsqrjoekxaeqmclswaragfb rvmewhfgaqconslipjydkxbt
rcpipuuxlhrnecorqjlmff prceihlfomujxnq
sqaukfjmdgtgpkdsqaxsuohvfnczlyocbnguejclluuqsutnhnbnwiogcr buhdnoswtjfckrzqglaepxvyim
gwyejvbesvjrhfobuhosavvwubcvumuhzedzminpvmyhudrjcyvyorvyfphwftsxzmnyh fsovmbzdrcnuyphxjewtgia
uwmapsyzymktvwwoaytp muyowztkpvas
bmelxlfskotradziqoeqbmxftptsjnpqvvpzkfxtarkduhknjbzmlle dzoklexvpmtsaiqnrbfhju
zsdlzymfusbrkuineyhrqscezhylcphnedpktnhrhnqvjyoxkpjjqewdizclodkhsfd zjduqtowkecnhyixrlpsfmvb
gk kg
yfpixsukymfrznksdxewqkztgjdxlftitutmyhrvnslrxnaqftxbzrtxhimnuubcneykujgvfoafcrdvylsbxh gtepksxfjhdvblnuyaizqmcwor
fqamakjelzpgrmcp fkgmjczaqlper
pnxfsfbsworle exfspnlrowb
rcblrjdxqpakhgazhtmwconxkvbksyszxdoxuvnrgzbvexarflgqbqbonlfagsaud cxobanerkzupjglfdwtyhsqmv
skmevgjcbbqppvqdpgthowwysyoqcblwtruxnulaczocpnbmytmktiwmjoxllmuaioo unoplwmysbcagdzxqtrjikvhe
jhmetnyryjhlyjmtjkqckqilbxlcorcmzrosttnszohcwu kumjrltyohscnzeiqwxb
tvtvngjtnsvgpmozimvztnpiudhhzbbsyozbmsfcyovzeyyifpwthhheqxmujeqyafioyszvbflmu hbfyctzeiuljspgmwnvaqoxd
uwrflmxtwiuvtdmmcgqmldtlzfygkccyttcitxmcxkdasvptiujclswvdwcagvjxoojbbbwdknwssifhkedabavljuuodniue tuzrjwdolafqvkcnimxbepgysh
srxivhuljsh ujrsvlhix
qdsegnxtwufzdhougszsmsfquqzeldeezsiwzrqysnhgnxhvwrcovcpmlscc vesoylncuiqdhwmpfxgrzt
ezrpdmutstdzhlcllefhewbkacjamubbguabvlhbhvlnpbyzzmxgttcoyxuh cshvbufdplwetjznrxamgyko
icifywlcudsnyzamoujbefzhpovrjqqgsrmxempwybuwxpuiuhfhvgapcemjzanub znpmbrugfosjdwicqxyaehlv
ev ev
nudivbzxftimudrnbbrvdq dvnbutmqifrzx
ei ei
gbfblwhodbwrqdnnhdysnyqlkymngkialiyabqxzeacyhrrirphyjnrsuvezmkxtrksvbptwbsuai stkhwizrodybxmqfnalvuegjpc
dzzttvfouxiqgrsgyztpdrzltlaxhelyrxnafayb yrufzdgtaxvbosiplhqen
ldethunpghipwgalbkumnrcmhoatonarqbaubsbqy btuanlprochwgekdqyism
vxmuspaoxjanwpfskrstbdigjkgedkbadmyjxjeqhfuokpkzvxoigkgx xjwveabnhksuifpogrtqdmzy
jlquzdzosjzqzkszeavaqajpuskiazevxidkuoysvzqdivdnjfoeoktalkytixkdcbuugpwkatfrlfbxuvktwnnvnmqfllhounx tdvcqolaxkumbijzpwgnsfyehr
ppczjsrqdfsyjvzjghyrchvlbnkgecrhojkreojbkublhwnqzirzvfiskalzju rzgwibyhksoqjvecdflaupn
ggsfgmjkohcswcusgbouhfffyolummhtauisrohelykzarhhcxxjgxbcdjqsijv gxuhsqrcjatlmwovfykdzbei
ykrjxyjxkckhbfpaxtxyhhq hjxpykfbacqtr
mtavvaazwergkfgxhffrshdhmvyjpuxogshmrejbeahmiagxwmscgpqgabxqp atpovdxhgmbsjecwriuqkfyz
vyuossjfgoesmqqobgxkvljspzatjtapfewkmqhcknonopufczozvikhtaplzlwxzeqr qvzpreyotgfkijulswhacxbmn
ozuziaohlyqryfwskfczwvliotvednhiaxsmfrdavukxrwhbxjyoboddvjxwl bvfoclxrsijdqyuzwheatmkn
cckggnvsqnxwhsxrlvlkepunmdttmuaboatwmamhdxbiphjgnvlrfewbtvmrqxpgwdpxoztsljlwtgjdzpbiu itlwrvspdjuagbcknhzmqxefo
tyakwlmjqdvayrbfkkwremutchamonmahianzdetkkkjzeolmpczoskqahlhvdvneuhnumtwoupbzszmuwpzfwznb ukdwyaeznvojqmprhsbtilfc
stuvxinhwaqbubamedqqithwcjwbejqutrpemokxmabzejxgghdvnberqycuvvljdxeounnjgn jexitkwqndgumvyhbaczslpro
ilrjrnqnm rnlqmij
fbvvsubkwyhssermpqdxkdetpffflojsqvokunkdxogmuwagbevzagxrdeofvjgygcafvxouwgfvufqydewvkxokbslq bfgsqovkeraydupjlwxhmzctn
bgcbjncetrbaltugqymsnucbhiydnsraiqxpsnhzgcrzw nsticaqyghburwdzjexmpl
mzfjsncxjixkgaiahuliethjyrjikrurhkfhnjnxqupjfwokkjqmarixwnasngyvhj ihjwrnszumkqfayxotvpgcel
iqgskyigocpiulqonfxtrqjxwmmnrjgmhjfcwfgszymynjvxau pmgjxqulifwknsyrhazcotv
xqqchaukoxzgbkekuunwxskduusdnvs udnoszqgeakxcbvwh
awz awz
pvhmtiybpaphkzgytejhtzyfenjbuahsylsanvojnujcanhuxhvuhhgylvhyeurbectvrrcswbfqeths snytclkghavjobpfeiurzqxwm
vuobpmegzmnpyjigogafsxkb gejsouimpxyknbafzv
cpgsoqygsgkbkmwkxnfvjgasbtiphvgheksjmyltarjyrrslkogtempwdqonnvryspdnbldtbhhtrkcva mlapcjkvrgsoyxtenbqdfhwi
utoqtkqffyszhrjuyjifxrhnituyislgfobwp usjbftxqnipkozghrwly
vgxxqqiibdsqwfwhgbueiweboiazwtlepaguvekwrd twdqibgxzeoalhpvrkfus
efvwulhaqbayewmrfwmpxsthrk whsprbtaxymlfuqkev
vznvgsrrzhstudvbbcftqxmxrrtebdoqfhdxkglbsmyspzejvuypvtdhteu hrqxcbskvezndyujlmgpfto
qppkqtjtjpcajazojryreyyqwhzjlwjvkofulrtuk qzylwjkvprutafehoc
rrkxgwalzpoewturboexjvmhjdtohpjbdfbxuejfvbrebwrfibwwybndurzuuraekzhyjrrebdolgwjxigvggvdglofvqitqlqu afegvdwxlzmuborkiyptjqnh
ycmdcnnscbcszbegjmgfmgcjqbiifblohdatpwcfgtc jfdlphcyiqbztanmgoews
bayhdhvelxdqlemayppyk yakepdvmhqlbx
bfallftsqliwuyrdsoxrhccdvrtvkthnzaacsgujsmvccgpmhvhnhohjedk axbpdhizctofsjmnvklrqueygw
fvkxtldnexvltzjfeklehxocsyobrxfyxatmai tfkxlczjisvabdoneryhm
kayhqmvxrmsxqlfvzobsbufdvatixksmgievacggnpgjrejztvykccugkrlkvlagedhixskpsaybgsgyjwefuonwiompjjxrpcbr loqbseyfkvxgaduptnhjmiwrcz
oylwhzdajhgznxwvvclxsfijqmdolrjrmkpxqtpulglmatsotcwsozxys lkdqnwtizoymhjrxfaspcugv
ugpuiralarcyqrixbqbardgufdtjhpzbnvlgccawaxydvrreqrprkrhgaurvimybgmmgqryyo ypdwlbiamughzvqrkcxfeotnj
zwkfkfrbhrvtmjsthkhjcrfgnmejjllqzdjmhunhigqlia krqfjleitdszubhganvmwc
fgbeaahvqggsrgyecqsonmbgjuljylceazjnuamuxzxpazaeodgpd ghaxczesyjuqdnmfoblpvr
mxjvynqimhyzkkvgqdusleqxwkqbtpdesayuoovjvqabhhveknzrtusfebfyvzufxayeaajlpigrywsefigiwxymay vlrxkfiwaehjnsqtbdzmoypug
hjfjhuvjsqbattywjpygrxdqfy jpqtargwsfxvbhydu
vpscdcureflruvwdccwewenfipchbzoiftpvhxbqczpyvkiszunymdvtfsr zqupncihvxbwmfkdlstyreo
lbewibmepgkndqqdahvdlwyfujunaouflxmoewonkepkqztxcepfdckchftvdrryxwefrufneuczqyneyfpvifyfjf kxlwyuvfmidqcneazpjgrobht
nhwoywgqghqdjdpppbyssawpvjezltkefivcxzkbnqkwdnibfgyiwnmumygojxesrpfesa eyxjmigdhlfnkbcaqpswovzrut
owbahuneqsbgxpg nuexgsbwhaoqp
rihiltibueoflyvlggfusrsoyjxjimzkucuognuduwmiughzsousicmmsxeobwdetfhsbvpjre phyjsubeiolxkrvgztcnwfdm
sfiducnjcyqajzrptgpzmhgvrexixxkwqoojitiicfndyjbpzwfjoemqznh izwuvmagorntqkjpfscxydhbe
ktxgvzknkpisgjfmmennodfnkzhykardaacbusnnrysqynlslxdkpsnhlowl kzanpblshdcejtmxwruqoviyfg
mqhaufhwuyduajskgilnjxg sawifhmqgduxjylkn
ztcjqlsmahhnascdqqaesugjwxzxgefaedmkvpdwxsycwuwtkssfzbrqqmfektvnvgftqrjwacrjoxtqeclbbgv zjuesalkrqgdtmcxwpnvyhfob
qlqfhcxscwzrcpthuzfjajrkvwlcqklnritdego zcwxkhrgjoqvietflasudpn
cythlsosodgtnhtrqlpoopftgcwvwjbdgwsrapgboc btdvrcgslopqjhfwyna
pekdpityfayftbtfeblmogi obagfytpidemlk
owwgwirsaefdysvqnjnobwglwwklnlvarhzgoqokoqow glwkavrnoshqydjzefbi
my ym
cardpebqalcbyovjpdsigieofnvhkjrxdynreowuecaoqvmcctbajeaskczpqqlucyumfxogwzw svcqlperhwotynuajkgdbimxzf
ktinbfrpnuhiwvtdqxnxgplzccyxlienvdsidoyozkmnscvqbvfbdw zynvkxdbtuwcogplhesimqfr
ju uj
meissufqmhxlppzulcxtkkpislefzdbhbdqjuwgvgszepzndov evxlqzibkusdhfojgtmwpnc
fvbxgrwbrhyykzumytvlehhuelbjtojrvhqgzxyzusmqhakoricngkoqnmrcy vfkymuzjlrhtbeqocgxnwias
touzdeaqnptrrmbldhahvcaeyqlpyngyjcaeqzhukchqhcuepkmleqvf jcyauhtrmqbgefpnlvdzko
erwtwcmxntscohz czetwonmhsxr
qyqdlhjvdtbevwvccpbkqiugbmkmbfwioxfhrnqgmrumobklvxswqtbpxvayidbz ewtpsvcamgbohuixdlkzrnqyjf
nsyuguczxvlkbxthpvnnyjrigymn gynpxmzclrvtbhsujki
vyevdegjcdubbjfnpzewftjyuxfhopyagutjjpwhbnmltmjpmenqcvysxkloulwdcnbceevtgvxepqezeod sdgwmjhlbtpuveayfcoxkqnz
iwsabwpiuyxjdauqmkzqtiqwmvowwhbbhuqhtftskxxcg phaqxtmbucwksizyjgovdf
l l
eikkykqteufftw wyftkeqiu
atuyxspssprdxzkmjolrzbrclvknohfjgcformbhnswglwikoqowd oxwadnzkicslyrgpmbjfqvthu
rpclbsquafyucehfvuwzqstqvrykoruocvjqeipvnvjolurfgegggtkgsaehivpgdlodnaehnhgacnamyerkelzvnzfwe euaqvzgyhpflcwbstrndiomkj
mmx xm
hcprqdoxlunrnqucpkndyltwmxjhbllaizmxqjzkbergptnogsk xrnlqhcujmagypdswktboize
mftnffoddsposnacfdezlikeuvoku oslpmnedakuftcvzi
wgqgzwtbbjurbxgqgbzzlyenyqcmzfvdsjjxgwobslkkgmsycpikxsndktpopdriozif skwnyibxrmlqgfzotjvcpude
frbcitvkaeuzqlfmzxrtrsakrmqdvlxghiprkklxwbikzctfbubfqhffnlcahsskstoldpwwwife fikumbxtlwedzhrqsnagocpv
clsoxloikqymgvmskdhryuqieinxirrin crxkdlqsunhiyogvem
psjxjvhhfqlusojygvlwguihduth glhjstpiuqowfdvxy
bcoslcdbfceoglsxwicxcbiuginrfarxwfqenwvr flwcxnvobiqdreugas
nveuyhgonpzexeaohwrvznsilbuownraiqrftrqtmjjyfulzieuvqz imauhveywoqzrfjlsntxbgp
wagmtdnceucjcgldofozmeaxyloibqjbpupyezyxugmnvvkkibfmhholkerwwzvjkebh mcnbouiaevzlpjtydgwfxhqkr
shd shd
ejbrqahfpnqhoifhwyaoxnpmfyzefeaoidfcvupnexkhwt qotfcauivpmhwernkjxzdyb
sxukjttqqdkqlwgwelqtbii btgqlidekwsjux
frclpuzinnsght hnriculgtpfsz
hyvnsmggmwaavotckqeizdsppngaodlwqzfyxttwfxzyzgzhzwrdmeugrrdlrddekxdmftlsldoauoenhnsertc duoemvnfswlprztayikqghcx
xmkmwkehwowpueeqclurpdeqawqnrpdhjoijfhm ixhopwjuqkdamecrnfl
bdypdrknfuvggcywsqzucudjmv uvzwfdgqpckjynmrbs
kgzrqbgpefcalzqfhbfmnduwlxopnnlpknjzrnepyvbzcwyijemtoyhvknylicwg nvhcgfdblkjpwaermyzixtuoq
rhjsnokukx kjoruhxns
dhuigutddeoouqgmtoqcxppndgdikauyqalherijcdlmwzwlwjutduqjdmfiosflcilshijbwrassqechlivwarkhgrli fadcorljmwxsetuqkghipzbynv
ypfvmrnwfdpkxfwvreokimtenirevmvwdupanzguyohciikfwtpadfbcssjsae fwevspucbimoatkhnzjyxrdg
qytfrkrivnfalkewyzmsiqvoudjjujgyishlztzqbsjiqhlkxrvjbuxicxceztiqqbwmrrzf qojrfeklithywvsnadbmzcuxg
amkguubuhlsleukwgrscgeodzwfyezcexvepgcypbmriiqkikvrutp uiemrxzbcsatfgkpyholqvwd
gohovifeplhcycquwvanehwakfhcnrtxqfqwrudzjradmclbxfajyqkefbdawyjnbenvvvbryurikaoyhx oayubnkzjwhrlifdvgexpqcmt
dbkhnhlmvrsggcnpwnvqullkymocwundammoweovlmmmyknxekumvyatyxwllzzodxfs enymwgzoflckptxqshvdrbua
hwhpicvoebjlyllaricwdoqcqrvdgavjw hvirwqdpacylebgjo
tfwijrqyqbwwnnyhsflztxmjqogbdjckjfrelfmvgtbngkiycumugbqfjqju jgqysunxtmbfvcdzwreioklh
xlxwvxjifsieqkjdnwpuckqpvivjimnungwzjfzaeq lgfsuimnexwjqvzpdakc
xcjvqtwonwordggqvmurtuoukoegyphmncpdrznsknsqajmqwajmkrpqwpdzzsxacuypddszlobsimyjtwxkscyq ogswtxjzrdalqvypuknmicheb
jqchaouyrzoghwjlkvdoyxywktmpjga yhxdoktjgzcrwvalqump
dlsvglnvdnckjrlkzuytpduqbyzqpjutrqkixexohkcy qzutgydnbolkivxperjhcs
zexixepcdtuxzhywbmjaboqqtgakdocsabuqqjxnaxdo ytqaokeicxjzdbwhpmgsun
lmhafifhkadwzdwrvqfdntgrsgixdssbjiltvkqyigrittewp pfavwmhykidrsgtbleqxzjn
vgvafcfrixyethbmgjuxxrnbgmiytqlkxxpzzwokittvmfydbfvgnaraqymqfzazmlmbgekpzsjczvrdipkbmgmo rqovkzxdwmafhijluyctbpngse
husogpsbswfhyhobgzblrzauoyssycwzvblzlbhuyxrhlruhpthktxvmreykuzeyaqsyspmvedjeydgljawwlgkjjxls olmvygjszhekxuabdtwrqcfp
fdjnwzcwucaphwojyouehrghdruqpapqtib hzcwiuetrpdqonayjgbf
iqjbgqvribcfsmd rvjgqbsicdmf
zjssvohlaiesjysyfbewbnfkvfismrjckqioruefmvnghduatzuyporpftcqgprrzdwfdolvsl ovpdlaketsrumgycjfbzniwqh
qdmegelkemfbjvukgcpgdcaqvsgtpfpgq gdltbecmfsvpukqja
vpghdkqkdxcrcxdaiwbttzapzofzxwro vqadcoixkrptwzfgbh
bezcfpevhzxqxsarzfyjmkxiiuycjipyzhuwqivrkedudzcjhyzyjmfy urwzevfajcqhisymdpxkb
g g
zqoshhssqlvgey gqohvysezl
meb emb
zeezxoyzyqulujrqkhlwhpjuvaueynpvdplsqctjxuuyrf puqjershydznxalktfwvco
fljfedukmuxlqwdnjtoqkbbcfcghreilkkvthyv dthwlfmyqrvejbgcxioukn
zomwdcm cowmzd
yovrnfgcjwljubyoarwuepgefhywfqsoekmsonizhkiqhxsuinftqenlllcywxiiyjnexndgvxndxsooisierkjsbqzzzo zoibkvljqsdyweupngrhfxcmta
ftislbukhbslmibezljbgjutgyzacqmhkjtkjtbhqtlreswbbuvjonezdgcypjbvcaneylmejykdgtqalocddjlzgfxecaynfbln gqkbmeanvtodzjpfylxcwisuhr
iejfexkowuqayxhzsgqghlmxgswihygqyslbsjqqhxtolcfwpwbdfaixddzjxwmcpbxjvaaqu hmxylugswbzjadqvfeioctpk
vpwgnsutyolxyxgnmaljgrhflvjukugjvvksoxezvyg mhknrgvjyauxwleftsopz
mzbpmrdzamnzxongqnyracqusladvnjxdgfyioselmqvdgymknrojazjhufoukvfwzmbi fmruzwojnvqygeliaxhkdscbp
nbzdpqk pbkdznq
zxhdbmlejqjwzvwtyiidrgyiffgsmodirlsw rmzyblswifdhjgevtxqo
ypmxysqhyltmbflptkqxusnmhermvcrvzyepikswmqthihsnmmhtnkytepuvhlslmsnrnqgwatvlcghs mstzylgknephraqvxuicbwf
fwo fwo
mbyzgzbdbactjgnzohpqzqbiifnizujjkygjeamxxqefe bhegjtxyaznofimkqpduc
oqsvdzcqftomkkazyxakpbbbpoeufrmdhmcotewilvpfhuezfyswkbcepkfgbwkkzmmurktzhmchduvqsnyj cthimgzbnsudfkpqevwyorxlaj
ebgbgxhjfpqbelmefmttwbghzguj hptumeqblzgjwxf
bsovrkc vsrbcko
kaksdksqwwyfgmytuokcpgekciqlwqcweonlahnvzuvypdybvkanoexwlajfpmgcnafqlbficpaapjmwdawcpr fqjciwgoeanmuhdsklypvxrbtz
wfdwisjpksalmwqzkdszfaplxfdtfyxejbwcrssmsbblhzxsbclqfznnqqvmkdkixontcsdjvavqjy nlpvfabwscqkxmhizdjeyotr
vqmjwaqkfggafjejgjzcubrnzvvyquxwmfdfgtlcnqadepyvlhoycyzhzfyzzidjtjwyxnpikgcaopbixugknrztnu zajnvecmhfguqtkypdrwobixl
xynkfvgrathzycihoqsghhovnfkjpxthwfmugrretyutnbrpasnrkmjemojhcfpdumngvbwafangwoocdfu rgyzbujnmhwvopdfxtaikeqsc
seepydcztwkisvjvtbmungogdxxjacijyqfecemjvgfwxnxxlcahzsik noxbjyuvtagksfceildwqmpzh
hso ohs
aabcmxnhwg bgwxcnamh
luvzbmeelzfltynuauaarsgokcelvvuqqwmhlkhedvcuhirgfgxirnrosswupzqzd elvfxuwhonkibrzqcmsgtdapy
iqcljdlirwmczkkejratmibymzzlbbrhcfffswsqyfvmpwclbsryacpjrirxuivazycxpoawu wrucszhmfbdlatpixjqevkyo
sxaacjmrsuwmtzdvjuyqolerkggguqumkfyvhaekobpvhfooxlyrmbmyihu hkmobjilgfsyazwuvperxtcqd
ulgrlddelttixquhilibgwuxqduyeespcdedtfnqaoph dlwurshfqpxoneiactybg
mqc qmc
bmthdaabpgnaoretujycxvmuquqqgdvgusztwyqpcrqflresmdzxikjjngzrjmcmnikskhfechposkqpzxutqaap xnmgpsrktfyohcebidqajuvzlw
cnzowkibvwhzknysokczyvydoullcptplebuxxjpjkmksuhboy yzhubltwoxdnksevmjpci
qvqbdhmhnskafhvupvczzoalpiouxsqmdinhsqhekzgfoozzjdysd fodjnzphvgiuasqemlcxkyb
cjznrykjivargcsrkasugaydqnwxosvgzunnmvfbp krsgjwbamunzdxcvpoqyif
nvkuxkvrwerdpkzkyatdqhnqmabknguizmbqywvlcvkrgbsncmrtkth htkdbrnaucpyvzeqxmgiswl
zpikolrtmenwxpfahjogxbfjlfcdvmuxvqrlgfwlknwfueitmhdcmigbulgbv lfevzxqmdtirpjuhkwbngcao
sfjnhdmliygwpbdcnrnjnxadkhahrlxzcegtqqraqtackagnxxsvvbgapppgrta nxdyjpcrhzgstwakblqvifem
bminrrzxtwaivjeetjdqlqv ztrimejdqabxwnlv
jgkkqueznzpqzdqzmtiwsstttxorzhlaau zkiotuglpdxesarjnwqmh
desxfwldespbqajpmkbzizetxvemspkyjaecceftvepmjrlyagpjjqbmanabbbyhcskshdietfgraqrrehofiaayksy rbgevazjilfshcqkwmpyxtdno
rdbjcaxzgfy rbcydgjxfaz
piqhulswmkbldaiddyyxufedtjzynnczfvqobf dzsbiwvnxayqmflpkhjueoct
nvtmhepxjuapozqbsemonkxwmprdhflpaqmfdudyjlzvigjbospkkfubfgpudydycdzhpyetodcvktvnt nfzxwydolcetbskqphmuvagjir
icxvhmcykxibkvbswturqrvqartbihcpzcjpxtufhkljtnt xavimkqjchrfulbtpywzsn
akymwqzdxuncfhdxudbvqduknpbrffbhlfeizbljuqvsrhz vbdiqurnhwfczsjxlampyke
sgmkkkbjkynsuxkmkrhitdrptloac stkambcdnrhupgjoiylx
gfpqvbrfnsfmgsvybofadggjzutmnukfmefdhxithtzkndmtvaoqljmawmsrdraxafcfvgbbxug dbehtunfqvzlrixajmosgywkpc
zpcvoqxkfloxxhtjv cfvqzphxotklj
bwukdstjndrncrmyakejeqtqxgvwvyazzncbbwpxgupazcrwtesimlkafszbygpsyaguhdzdxbphlkkxafznnnp pgnbszrkatxfeywvqmudhjlic
lgnyiofeektfgartgztyyqkbzgpngbqbzxdkepanizctjqlqivznubmqzgrs tgmzqvurepyjfnksodablcxi
arjbnccflcrhludssppxduvyhw uycbfrndpjslvxhaw
vhjeafqontyokwtytnfodajwcjlkwwgudtcccyyefgbgkitjgvspk heatjfbopwncvlgskdyqui
rxothbztimwtxlwhrxiydooepkrgbotdpbjywmbscct xhliydwbkrzotjpmsceg
ueezvimjehhiwhgnexksqtkiuvophvqzder ivhkesozmjqdwxngprut
ncdcvhyyjunwsgxczngsiqpekcveuuqcxxssmvclpfkdf csgzvnkxjemfyudphwiql
xpdbiquleaglqdcsgbnnrirdlrhtgvt grvebluxaqsncidtph
blhpibzihywzbdcgzsptunzqedbugnrdxdwmqctwnzadwftpzjcagisehkqcdrm qcbdmhaelzigwnrpfutxksyj
bucvjvauefvhwlineewfvrcmtsvmqcwi cfvmjaiwrlsebhunqt
kmgesxbifzhqjbbazqlltwinzerwbzboebbtqvtfxpxnlehyxgpjbydykncdzdrylaoevdlagt xyvpbqnzheodawigrtkfljcsm
vmoxmzidlcdunboeq dzcoluqbeivmnx
ysqjikrrelfhpucpvaeleyvfvstch sifqcrlpekjhyvaut
tcuwhhbgsjrzifkeufvfrkmniaeegmrdtyqieyfxsrdffwbljmqklvnwlkzillwaqgyrcgpsjcwhcjhvwxxylfb kgjirlhwmcbfyteasxnvqzudp
ywddrevanvjckpbbt dvbnwpacjytker
bfdglnzilhtmkwfggzltlzeuanfrnqvwnotzadpsoetojwhayilopyrrnrtewxkbiew nwohgflabzdirtysqemjvpkux
p p
mcmdlqrzmsvgfqxpkpleyxuqeimouztrhrbgmugkvopxpz mgkehoydfxqzvpluitsbrc
owbbgvqxmefzuqdbirstdwnfacpcopbjvuyemngpffqldlaikawywkgsdnaxmwcgcgjvghgv vbhqkmsjgprlceayintwxufzod
exjsgvaiiijqgohishxdfpthuxfvjr rfijxoevshgudaptq
ckrwqxorkjfyjixnbbdqgqzgrfzvdnkgtlejowitnfeiaqgqxzyubdmwwqjpogumgmubwqrkoyco qkdnyafwgocxvjzembirlput
vrhnkxxvbwhuskaxwtklljplrjebrvitcjzlvfooupnqstrjuliyozewjochvrmtnotjrpnezhuuiaxvos pijntfuowkmexvhzsalbyrcq
pawpdzgszmpqqfdmhfmzqxchuvopujdvsdpargxppqyxuihhogjrnienowthkheegwhansbxvuhtdzjnbikoeoxtwsmp tnarxkgbzudmpovjheiswyfqc
lilhypkczgwxzvhi chkvpwxlziyg
pronkvuemuhkfsfkdudnfgreqnpjjjmroqnqmjfiucfrmlkbukoqgolwilntmwnubtuy kqlpnmjfobwtsrduvcehgyi
ggcpkxqqljrpltothcnujeokxpgjnkeusmawweemtd jeqwsnkruamgxcptldho
akqxswnjgmtgzkfqwsnowwudojtmjyoxqfcwxoadtzeuarbohimqmymesikjhojfzoxswhzddikxoima wgmqoaszjkruxinfeytdhcb
gczinesbdjbnahingrzumzbrs zjsnimurdbhgcae
dapijguxlkiojxvgazksvhjuuvzmrgymenyozbckftdgctdkfyqcjzizdt cjkvhdztmruagiysxfqbpleno
uchdsxovprcxjiacjntxugnrqdfokcylaktmxlgmqlbnlrqncdbzgxivotadcqzuwfpp lortiqfnhkjadxcsbgpuvzwmy
iaasjjgfqxelefbcuaiilfddmybuimsifgxhuwrjzzqkxdnmtzvfhbvrcrzfvzwjlysmqgsfvnjawz efvljrxiwambdqusghzyctkn
honmcjqwdacgqucyaqlclxfdodlhksnfjbqlgqhgqhmpvebzzhebfjnwllswpshveddzhoqmdtlfvhtihua ptaxlqehzcuwdsjofmgbikvny
lshdumrssjrkkmbidahukbducqctgltxkzjkgomgqnjknjzsuakrlmjulkmlszpamnozohtcddihnfeprutrdh pjckmlrdzstnhbafoexquig
losmnavouhkbsxli vlsboihkmunax
fuprkwpbzonwsbdilbysbffzuyiyijzwxnxfrewa dnbwxyrsoaliufzpekj
sfsrsgqsvrzgwvdzdagpgiahlxapkxqwvaxkinwyuxxyncwbvjjtmstzegkqmriachasaqxeqeofsrewrblzdhejvwcy xlnvazqsdregjbmwufhictypko
wxnmebugniugdmreqwfhvwoopf xohrnmvwgufbpieqd
csepjmvnnbgsfrpvdnsccviihobu pmucghjdseovfibnr
fgheeittucstexihoihunpmtxxqofoptwmsgqpdmauisuvfsdvhykjga tijnxdhskmuapefqgcoyvw
aidzwworlcpv aopicvrzdlw
ykdyf yfkd
gsxikgfghgvyakfaqdnxnswdzcwaqrxnsvzhovvvqmmofiwvxafmzwcieymleajyeuevkhoplhuqysbfgzsvabxu skqexgyuizawmrvfcldbhjnop
bqoaogqrnnxhbqllnsqoawssmpelaufbcqqtapsgavqxevilxightzwhltvvurtfga gaelhbpunrqfviotscwxzm
mgcrhwhdhrihsypeuwhzwxatzzhdceqxcrwikbbnpplnveqzctqgvnhbstf btngrhqsdefpwuvaxckilymz
tomzdaexrlyjghjauiyjywwvirtpvesuequthweogwjrwhwqdpkiayusnxkqbqtsvsa vexoiungaqthjbspzkwlyrdm
danevmmipqzmrgsakrrfghcelvrfsnaayw fksyaevpmilgzcqdwhrn
qflmylpnmayvrplazyhitsvlfsmwjvrimlwraqafgvgyhourrhdebrsmlmmdumlhvwykbflnxdjmsunmtdnojcbabswtg wlymrbcjashivgnfdpquotkxez
vv v
uvgwfpxwsqcurfeibrpucfenxjfdifyzoqjiegjixqqormyfrehshzkhspnmhir hqpovxgmwbrcjisfnuyzdek
cnqbknwaaygqivzmgekkykmdufxmlxkomexmobvhqdd mgofqkbhzyavnixcdlweu
oqoptkaspkcwpmxjqzynmlxhjq hoqjcpszwkymlxtan
qawhnuurfyjgkzrrzkcpwilivfsofseussafwujohqdbgghobnkdcyvpxdelqcilrozxqqajogvnwkmyximgmxujbzetdgztgzv rpluwexivhbozkmfqsyacdjgnt
cacyftqwumonyfisehxppasyydklnmxmlorvdbcxvyfsgkspcgoqrias xrnvpyedsgombtiaflcuhwqk
qbmnsxomhbrzyeefevsvhmehmmyv eymovqhzsbrxfn
lhh hl
qujpirbohfufiplwpkkgelugp kopegrqujfhlwib
krnlglbcrcmhxmuxbutwqgwpnv uqrwgxblkhptcmvn
gxadtyadwjjmdxmvjcrnmbkswbzihahfgwqdnyhaqzkrb briakdxjwmqhyzfnsgcvt
maybcmlkgwoxleuqczhuogdqywbmlergxvza zaulhbxwcgoyqdevmrk
dtdfzhnxunbmettlexfzhxytzzxsntydspjkaoeraohzizrxtsinctueck ftszuxcdehrmoiakynjlpb
jzruourmxgdxozgwcedsrthxwncohkttmypgcuxdqevooudqsnzpiyklgmkkwefeddmsdsvwborshm mwhgutscvxdeolrbkipzfjqny
awcvcpdautxagmjnwvzolelzjssrkebtttlvxulnjgfp xtcudjlvefwnpamozgskbr
jhfmmoccheojxmxwlabsrxsfojgvwmyyxkuvdqlqpckzgnofuamdinqiciwgeorgqikjuxxo glsoznvdbqifuhexcjkrmwyap
rvusxtjjjexzlvicxctnhzrsvfrlzloaiqgyalgxeio zsilaojftcgrevyuxqnh
ilfikucythdognlxwfvibrtjkop flojgwrxyihtdcvubknp
tuwglcoztpcgnfzkpbqkgnxntqbfpqczz nqckwtozubfpglx
hooawbehigxra groehaixbw
gwnuyrxxkmlxdyxmtjjmivylqryapsuxhogfvrjmspbprzoynlcdilerdflbfsdogoedih kryxilvagmonpjdhqeusfwbtcz
tcosqcobcvfkluweuzdizbadrkdehvznnduxnxeja dneahqtsczfvkuwiolxbjr
clmifcowspcuqxazmpvuvsrzikowxcotb ciozmvsxpbawuflqkrt
ypohcmdc cdmphoy
zwfisrxdcubwcqhlnrpqqeryeqsdspmmziosgvagqlbgfdatflmfiraaevlbynkgtjohhydlkalyvzwwxh azqlfritsndmjwvckxyohgebpu
mncfnodnxmemygwjqngsctpyrrxkmzwifrgsmqrwdylwwathvxthaphtcujjyrbcztbtbuwawhjdgfaiqtj wfaiqdrztpljyhgxmncbkvueso
jacjuxyjcepskghdaqgqdlrzjtduamvtliukreacfwnztyznmlhrcrwfo cfveugmxizjrqkpalsdotnwyh
wajkpqvflwhqkdcyrsawunvbrriycasmcjitzcdcjhnujthlrspihyvisrqwvceesxxqbwefyfkpeo aoiyhwbskxuvcdeqfrtjnpmlz
qspwenxtzbopctivrimjjbonturmrpdxxanjhbgrmic ixrtzjemwbnghcuposqvad
docvmbwube beovcwumd
nitrvghfvrxayqyxewkejpqbrnaryjyexcg arhtexgqyjnvpwkibcf
fbdcqbdceybojwmtogujdrsusktxjtmvblwovuwhusi oudsjiegctqkbfxhlmrwvy
civeppyxagbdlyjyazyxpukpvskxfidcajqsowfkbxmglfpnturemvebpltfabrelyshqchehgxtmoeqhecfpvimng cywfjxopvluhesbmaknqizgdtr
hhakqkhzvwawbgkqftbehsaobcgjypwuetwocjoryrqgwvkkcwembktijqpmuwtdvwapnxh wojmkghabpiruxtednfqvycsz
njpqctbrfewnbxclbnqmihczoqhciucbplpsthmsqwrqosgxfzvohooyeymednu mtcubqswohiflrzeyvpjxndg
zmfnsdzrrrddzsnazhaozffjdlqk rdqfsamzjlnhko
yobxahbqtvogwyf tbwoyxgvqafh
qrlbgrhlfmadcqdgtdtltfufyreangjhdicpkcymjiycogckpxccdgcmbjwlrhxzjnitpeaevxt lrmcapbdeqniwjfxghtkzyuov
x x
irvtlrnszyzbnkidwrtwtxdwijruqjxztvgjoiykptjldgamzuslrqyoluuloliixxbedqfjeaubpwy ijozeydvtqalbnrkuwpsgxfm
htwdggtsrqwdgqwbkocdrvpprawjvbrectujayrdatekoqxpikfophfsmtjwlgnccvftf athkcvmrpsgnfyxqwdoeujbli
kbmwvjmdcf vdmkfcwbj
zovklkqxxbemwrjjkmyyyvpyvjifjaudrz vzkxoamyrjpeilqfdbwu
vit itv
alfuzbtjtjmbhbhrkkbmecxojureydtuzrmapcnejlwstjpkjuabhhesunsvsfqpkblogplihyxxgyxscfungqgtwuyfzjxia pqwxzjsytaconleuvkfmdrbhig
cxcuiivzphjchwsdpo jxcopwvihszud
akqemkjoxyeiviucdjucalmyghysmywjfflptjookpyxulftgjbdctyydggwvjpwhyzxpdejye tomgkfydpaxujhilqvcebwzs
inefifwulwvagillgqsfezqipxremnowdwsnrlakbmcsqppsuxiomeyxbhdbjlwfh xnghdmqljwrfebusicapkyozv
ddlaxkqcnibunxlewckbesdednttqchihvldjaztcfwlprozrvurjijzclfrdvaqdxhdugpmqozb dcgurxvjazlitokbenhwqpsmf
kqwywocnhuqwrmkvpgaauljcxpleusispokjnimcleaetadczwmzqnpykgfgmdbdtuszgvxmswv xuzljnvdaohpteiqwcmbkrsfgy
yeimzcalfzzsnmrcbalipsoz lazmcfisrbpeoyn
bobhwjzscvbrzgfyxawkxkfzgrzpgesxgcltqzoijtjnfbpldnsmhhocipzewqbeftswtmjnznspfcczezqchb zebnqrohwfaktcxijpgvslmyd
lvzewcxsfyjmmictamfoowatcskexwsdwslxifxszfffypdhcvvpvzgfrcbffmwldvhrcuaci yfszmelvxchoitrwgpdakubj
upiyileiflsqpijkfyyo yfjoiplkeusq
pvvtwyzpjjzzgpdxtegelzbwdfojethfimzxevtplqdsytblrzyfvyqfxkijxhjxgjnhhzztwdukqrcx jwbqpnztmxyierdshkfovclgu
ifyjic fyicj
dqpijkfpaglaxizhrxssmpxnzgqqbxgyzemyg xpsfinazqlkgmbjeyrhd
fitcwhwivclicetkkpeiupqtbgnhypceqkjrthlcjqqgatrdshxoueslrwkpthtuphcfcgymobwzrblaqizrdo wcrkdmoylptbizsqeuhfvagxnj
ucyqckblugvkwtlxfqmwddlnimjifaogncolwtsmglwveselhgwohplsrafd lfgtodemkxhibwscqjvaupnry
dgzlbjuyhlaqhlmsqukmqrhljxfrylamushp jhmysagzlqdbkrupfx
fvzoprjgactnubvhsdqbvsxphflznombgvxvpjavmeuefyyheewejjnlsyecjgcomixrutumolpsoeaovbrdqwuwhrceqiwjjy ijcvyqbmwhedtpufoglsnrzax
todnpytuivzsddumahiwiuqehb dvheybsuoptwaqimnz
sywdoiatvlshtlerougibigeeyuvfbapjmcnwbyrvkqnwtgjsowevyqfzxgdnacnlkqvxxsnbkxboctz ytheskoawqubxflgnmpjrcvdzi
dwcbyqcmrxbcthuyjivnrazrydlxbspzyvpkrffdmyxharbtjucovctyabou rtvcxyzqmphdjbofkaunlisw
vllpkaolqplnouczrkwaclyryszgdeeugzhfpswrikemniglxjnzvxzpvjaxkdloiruwgrnx oadxyhnulzivgpkfreqwjcsm
rfuxgwvofjngxihchmoyzmsczwqceftccco gowcysfmvzjqhenrxtiu
ykhoxkuvmsftnwvflukfmakfwrebidcwshmoaheegnvzduqlqszqpjxpjcfghevtewkumhbrdxfmftyhhdmnfhkcxlytg vrptulfmhekjswoxcnbyqzdgai
gukglyktbyqfmvrvzqeeglxbrlvnosqhed gbquvsyznrkledtmofhx
xtxrsbfyvlkvttqhnxkzgvhujjvmgxzuqfltefbuvyktglxsjgfzgpdmlfrqmaqhyguuguihnfiiloitklnyq yvtxulmjgqphizfkrsbondea
osuojaaqcblagjoacjvrvlpduixqzhwfilwvkvvaactuxsyaxbbiwyhhtakocbvgoimahibclpjiqite cawloihgvjdtbksxueqfrmypz
d d
mvsnygpkxzxkegytbeehvc htevkyzgnmxbcps
iahwboyomcfigmswwvbftslhlonxpnccuumomitaxsorxpzooxsnaxapcaknlylygilddzxisvgdabcqswowrewwdfjdaf odsucvlkxjwebapntrgzfiymqh
ivinatqwocmrtitnmcswtaetwkekhevakxoysxkrtlgwypwecelcjcyaouaddavantnyublpbpvjnswxfjzakees qwdetlxhskjganczpbiouvrmyf
ixnzcmrdtldleiachhkomsxbrqutdsjpukzqhfebtrdmpuhttetilxgktdcywjekkewpadslghidxlaifweyjszcebyflh lfjxbksmedhcawgtuipqynrzo
psomqviuxnbtmfc nbmuivpsoxtfcq
tjaoeoqzeynmmjeaexmpirgcnzijjpxbcijqhpmpfoiekeoapccaeiyfstndqfnnnopfpjcmfpqekaqsivwucx kazcojdewxnptqyfvihrsmgub
brravjbexvsdhlxryeznbnqjrmtyahhbfcizpfrtrqhrwtpydrclpfgakrueclejjdeaorafzflrsoasiamlskndwgadjegkwesm hnivlaserpwgmfktxuqzjdbcoy
awldluxyunhckxawxtokrecaldbjylnrgvodkkumlajqpgcgwtycxrwfdnfmvangnrkewubxsjcdzcnxyuwxuecaajrsokptn kpcrgnujatqxdlwsmyzboefhv
ykolyahpwiceafgrtifbwrczotlldyzitxrkecaszg caxfitrwklpbyzehogds
tsvxp vxpst
jsvmxyrqmjhygrvmcgtycwofgy rqyxomjgwsvhtcf
wolgatcfcxrdzlsvjhv vsltdzrogxjhwcaf
kimxzgnjrqgpnabrpjdvslqjgkljfequuiivawpzcyibdtpspafbsielnolfaqwxxzquqmp qkzftujbwisoalmpxdyvgncer
vqqzkkyvdmklktkjwdjorhjxlztidexpsxccmrkdsnovqbdxglmtklmojmaalbolopxmasfdwxnxefycilpqsvqnzhp mkcorlaqnhwxtzjgbisvdpefy
llruojdtnjcduaasectikreqwdqfvzkfjlhwsmqloddjbpaxvgxsogheneghkaqokct iaofewbvthksxqdguljzmncpr
pfwiopelkrbqjpo ofkpiqewrjbl
pmxiafvnjuqfyriquillwyfwscylhlniv yijvwflcqusnpxarmh
kybhrndishpzkeibwfhpqhhppyeqpjwtkirofzevaredtqqkkjndnyytldznjnahymunlcptjvcjmvqfhvfgwknovrepyvuclp nqljufhzaeyroswvbkcpditmg
enpmiroosbqjfagtfwmgfowtfqlrwordrowgeyqwprthiftonsuforrkgnbkblvpdgobfgxbsmdcsoqnzd wvrfboztmsdekpjginyqlxhauc
eoalzpdruggktxlgzrhwcinrgtyjkwazyqkmrdjjkdvvurtxwlfrplilfybrrfwpcgzoeyhlziqhhgiwdzovujwmqfsmmmf ewthrgmipdykxcofqulzjbvans
idwnaqojanzsibcqedoprryxgjbhfxadgvda deacbyxsnigowpqrvzjhf
kavbikoayyirpirgelyfatcnbqllrq fyapkqbilgrtoevcn
srubmfxfxwlwoyfjkffmemupklscwervvnnjjirojnrgavsavqzwbmfoyugpnzdrbql rwlfjmoigzqkvespcbunyxad
gnexadyvojzrmnmjksidjcayplcwcvaulbttqmazgvntsdrknvyswjrjpkxaegffvtuioidlnmnafrumwjoveyiswdi usfxjnlwyaoidbvmkqtcrgpez
yhfsacyvbgdmcyopwldodnyrrggegemufcxqinvjsiyruqzgl acdynghqzrxujmlvsfiopebw
ableklsstmfqrdeybrgsbyrijuwxkzjwagswgwwihekzbiik kbziyumgwealsrjxqftdh
faneepcczvzzarlluhedqbgbnaxtdamlygvrmetieo xglyanzrdtmbhpucefviqo
pgqufmnfotvqqgrdijzfdhctmbbdrtaiouexeeqcmiypppnuibwqpzqswdwddkyobfyiidpgxfafohsfnqkmctbhef dfiwoqhyjbepzrcvtangkumxs
kpmlfsxcnhhrhytohnnatjvqmvhnhkiggthyvupwdflasnxtmkvtbnugsiiksbpufjoopwaededicvixvuei heawpnkudflmvotijcgsxbyrq
lwhekscsporwnfrftgdjrqrblaoqtqlrrxmmszlwnlwlefeacnkyhacgganwidarvbuaockklnw xrpfkaqldwmgsconehbtzjyuiv
rionhcnbbkbazcsnnzmzecplfzluuimhvhsjafavxmzxpuitxxylsceoruseqxhrrbopeflmanhtthzslhrvrccco hnpairbufxclmvzktsejoyq
dyuohajwiy dijwuhayo
vzegmdyxejnpxcarmfwfafrddktm raezmwdpfvtkngxjcy
nzqxssaarssrleuwehndrbmypezzrdfutmqhtuqxyuypqwtmxjkisomkuebq zjqsuwbrfmheiyxdptanlok
uvdgpjvforrxyyjjcgesmnuwon uysjremovpgfcnwdx
udxdukpmrmhnrsvkwauhuzykzgrptwihp vktxprzyhumwgdasin
ygsdkgwnxqmpawleeyesmoyfvdnlbczlpgqri rseqbaiglndfywmcpxzovk
pqteglfsemjkdhumvybdggspxebewzgztfte zusemgpjxdqvkbfltwyh
ltjmntzmszqjcrfkfygcminxygiammcygvzxymwqutszrzbmxwpdzcixplwiddpbkqaffxstrpcykaefhpvsrcjhiubpnqsqnp pfebxagkmtdrhwcqiyzujsnvl
lyovctrnhfgdepferltmxrwgbydkemqdfsygtorenpreiatiwhzaylfnwkvoorqyffovrtjesrozhqnhelbiuxhx xrdfeknvomzhcpglbwjtyaqsiu
eljangodutgyapdfxwffpdaciuducibg nealydigfctoxjupwb
eeyzunlaodimodencfypxaxzsfqfxzerfaololwwtkacjjqophgdonhlamium tloxnyfdpzcemqkrjaihuwgs
tufzzukbilodbsrpnbmhyxoeydefpmnnjznnjgcrzuqkxvqdycvukcvxbolbfkdunuaphb jkenduxvzbhlorpyfitgaqmcs
zdgqelrdqucdngdalonsbgsaufdhbphsbmrkmuhycpixhetxemyajjcrnrgszubzlrldujzofiyrwsnzsagxkycgeqxypkq wrysaujozednkghmcblqpftxi
oaweeujtvfwwttvuucvtixtonnfzcypvdotnhjtguyedncutsgnhhuijeqzdgjhmkipm mwautozkjpxhigdyncevqsf
afgxuvcmwwncycui ugiycvwmxanf
jtqacuhkgxrkqfynsxwquwknqalv qwtsacrfnuhxkgjvyl
zojlzcydaipujwtjokg jozclyuidtpwkga
kykruhwptafbsudtayrbmfghiseblvbngiftkfivblswfyxqiipnoxxitssrobesqfuvkwt tqydsubixaflknrhopvewmg
eyzpbkspgefovjdrqetw ptvfgoekqbzrysdjw
rcoxbtbmlxsoqnkeogysnteirzarqaileetpfhatl nlhsebmftiaoycprqkxzg
rnkjuvrxbnfpxjkufjsejqszuoupnkno kosxjufqnrpezbv
kw kw
xgvvyxpgngtfcyeivvikofyujetkjzjemycmfgrhibkepittaqjf xqrcyimkjzgntoevaufhbp
gafckzswrhwb bwacgrfhzsk
wafczahulkglzcjtnmhhqpebjcsapnfwgpfwkmhdbirbwyqojqdgxsvfayoonjnfld rnszylvkhimbjfqaodwpctguex
vcp pcv
ckwioonuabfxufqxmmapwrzulycwjzvapvkmexftdudmhxdrsyitqzdmfrlmxktnazanxsqkln zmsuxqrnaoivwfkdtjhlypbce
xhfqqgbonuddpoisszbvootxqsmurazloyubaiiepflrahxgau ghzfisubqodpmyeaxrvltn
xeielpnzixaewrizygbctjsyfzrqcudqshafb bryuzijeapfwcdqhslxtgn
lajprdqsaivtictzytmysoxyapusqeqpzahfydehckwpamjiwibsswmrcrr ytaiuqsdxwvjmrbzhplfecok
etq eqt
ypdogefunkxglomjvwiviisqlyywqsiwjeoymlfesbjocvulngnpqdyipnrgunwyzdhpmknzrxhbplczfqsdcgcofxvyngyukfnf vzpoxnligkdfcsqjuwyemhbr
zvb zbv
qrwruztfkjbywaq waurfkjqbzty
umyypfncaylzixckhduiybgqdjwozkaqcczyxogsssbfaiangwxxzqkwxfskxhrbv xdqzfkbimwcgvypjoahsnulr
dumpevtenlkcdhftfjmwbbjzmaaofyrjjfeyrvfowshxcnugkbudoyzfbqvmmhudjkkkzxhwrkhgs rhuwyjzsqcbvemdkpgaltfnox
lmwhntfhgrqvxeiabxkpsppmyzzgiebotasbuppgplyfscolubhugvmbijmdhoarkaahppakqgtweng mewpuygrthzoanjlsdxkicqvbf
obgoabigytubujegezddnhglnheeeyyhodyim dngyoiuejbthlmza
djaxrddfxhickjavrrmzqrruqsprswhwkcumzpcnepdzcvbqysjnurwsupwvhmfbtracotdgtacaswkjaeaenbit ahbwkrdijzqxestnpvcmufogy
rfo orf
gyanesncnjckhljzkgwrbktyzuehetspnbjffwgwuiswxxm wnrszyfilmekujxhgtpcab
akwucsjqahh kahjwqcsu
ptagyijbpjghklyizcbemshzjhbfmxobyyywvxatguruipvuktujiqqilhinytfgfzeeshdijgfuspigxkzqzspvygdtyl zhvxoqjpsbigrlutfydemwnakc
nvirjubplhmxghwbbpbaublremuydvnvxzgzmyueszcmrt mjyxngerbzsdvulpcwhiat
ndscpbsmamcxpjcph sphcdnxmjab
cjjrfizmrtdhryibhcrjhaxlkrbzycpqtmvyoqipyfrkjwsbadsbyecn szopdnykjwaebrmtqcihxvlf
qokshvqbffcyrvesfielnzvmydwkhppxawxwqsmnywnayjlrwlxubjlwujpqfnzldhahjeuthfsqxxilpcxmhaovdasg yhlwqdxecnufkpsmgiovajzrtb
cmoytpbiqblzeewmsbplihwkxgmqltdlsdnu tebymsgzdolinwqhkxupc
ybeshddsstjcvknth hvesdtynbckj
sbzymnpqpnykavjfaijrrblgogjdsjtuxkyyswihzljokbuqabfnatcqiwblmntjmhrmnqmxnedypipihcvvyspx hqjrfwlkbnuomiyeatvpsgdzxc
qlfgdcgudahuntwmgcqxnrcwbphfyaxuwgmnjeskzblyvxzjgyfaflfwbdoxekzokplcapr uoyzaksdwemcfnrqgbjpxlvth
dpqtaszorrpxwgsnifzicfst zrtdafiosnpgqcwx
knfpuongtwevpkpcpwyaevszhhkgpgscggmaozcfmssqmwdhcfjerykohvvawwhwyjrkblrpkowxeuxmuikidihljb pgjyucskvawomrhdneibzxfltq
euamokxdvkbhimmbhydzikzhuxppntwdaefgxaxrhuvzihpslhvidkunqawlaksqnugbgiyynzhbfngwnahrbzinj pnauwmlbzhdifsgqkxyrvjeto
uofwyhmhvtxfithejapznotolgagvanxrugiftcyywupmubnkigdyvlxbuopmywvhuajpsstvmeeuabkhdtndxnkib makgdfhcunitpvjbsxyeorlwz
twujuvqjfuhohpsbcjqesmrzvgwpgmszoauoucfwr rvusejwqcfzogathpmb
evqrixugmtyxaqtbpxrokttxnkgcfssuebzgdfbxskdjkhqywxymjtywemqbetzzmfxuozntthlfxrgnweib tfubjxyznksioevpcqwmghadrl
siofhzlasrxpywpbdkfmlbfeepetluew prhwboekdltzxfsaiumy
cfrnvyfjsybwarzqdhaumlzayqkzlrpznafektxf flykrnavzxbdewmcqutsjhp
enzyhnbqhptldrethzpnzbcjpolqnuqhrigftqqdhykswmbfmnctmnoetycwhjuroiminpfiojocpexryysssei qysotunrcjxfehlidzbwpmkg
adfpfxbesizdiuirzuiho uhrbzfdpixasoe
lc lc
qzbmxbehtimnfu hxefubmqtizn
nvhdqawepuomnpccsxejctjboqkatqwrpcqatehkramxvirpzs jpmscaevwhxnkbrqutodzi
gzfdtiyxxbntbyzfrmytljoqvmvcqfniuihlivxeonrfdgzibsbjxnsjzhnuxivivputizya tifjosbyvgulxpzqnremacdh
xvssiwtrjorqhmkooudvcfrbhjcfbjgtvoirahyeqcrrreeqhvfjrtjomcshxfedjjthrzwvbodgmw tdbrjeocihfsawgxyvmzqku
jguqzfgsssgyqrdslurgpdxusqmeqibhkercfdqq keuxgdbqryfhszpcmlji
jqphvxjbwoqqyrrtoukaefw rojekqpvtyxfuhbwa
bkzarazbwfahzpdsyg zgsrkbwfhapyd
gadvuibqpjxihshhuskntlklmgcabmlmhmlxzqtfcidapbhg haxcmbpltkigsqvfdunjz
agnnxybejlgozsvgnawchrzncuto neayzctvojwluhgsbxr
iqqgjcxfobkzozigbdtsbnfkpbp oxigfntdbzkqpjsc
nvmstwymxrpoufiwgesagcpxthjssydjtzoxsxvluwpciykkuhyzeegkzsuniapevioogrqmsulmlcgrcdkkeh jwkazgovfdyhxupcemsrltiqn
ghxywazifnxmgwqmrfhrsrngiot ngzmxfywhqratsio
vhypqitnabsat npvqhbaytsi
ixfabbbftqqdsjsexl bslxadqtijef
imczddfikfvufejbyaiuipjurauaytirnngghus guvhzdbaiefmcjntsyprk
bysxbacqapaeptoonyneabwdughxhyyswifhfoezsemmw yhuoiwpsbtefmagnxzdqc
jwguyzcqktdimyfbtylnuoheempkdxibkrwobvqbxowiuunurzjfofveexjr owcztyfniuqbekmxjrvlpdhg
pfgznhfnjhgrqpazcnzdnzioymfpmwriggbfpjzbhyijnccmvpmqpznfytakvotbtlpfgpvaycnxykvft cmofatpqhgzvbniyjxkdrlw
mozapmypujfswrtwgbihgfprnwyvbhivbc bwpjsivgmzyfhotnacru
kwuurudzywxxdziuhwojapxkioxychufaqdhflwnyodzqnvwqpcoxxlawkqpcrcmvjaxk zhruwvdqyxcioamjlknpf
uwjmlflbncpskqbygpscxuzbcjcf clybufwjzmskgqxnp
vhesmrfijqrrduvvzugcublkzfwqdffgyzxqymolabioydycsfpszabevwamremyllvdyekgg pqyamufgzlidhewvbcrskoxj
yzapiwrxtnx zxnatrpyiw
vkjmsgeloggyutqfmqguwjvx stwyjguqevmoflxk
xbxwvdudmkzu vbduxzmkw
jjdfsu djfus
gklatzkxujbmzfeyqfadrjulojgjdwnqaxzvvgsytfzerghcuyfhudqgrpuuuxgmhsbrupmkrwqxwedgaangafldiilhebwpwkwj yqrlgiexhuzkwajfbvmdtcpsno
mpijfhivcusqrmilikfgwrkwkh hkiqplrfmwgjvusc
qhfgmdwzbsbipdqkwjojjmrhvwhjisqhjehmztvnprptmsw jmhdbzwitpfesqknrogv
ioedmzuomgumkpafemzqmvoglsxesajmeblhndyyfdbsenltnknsjgnesubcanqvcapqqbeujqhsuuhtygsdbleerdlycon nvpygmbuxrhszecaqodlkjitf
swvcngzvmmqyrcxgj vmjgwsnyxzcqr
hpypqjtixlznwjqmgolsvxksxzgkkrfizsvoskowhpissouvzmqlhjzkcxfreotlowzolcvqowfsnudizkrfkw skojfywipxrgvulzmhcqntde
pivzrnadcpclnksidbpmrnshyjuljjtlq ptyrnjzuclhdivsbmakq
wczetqnhbjimcxevrqbsezumypfazmggtfhioatopouuqfkselypujjtbb mwiujpcotyekqvrfabgzlxhsn
rdqgbhctcfzncjbqkrqbophppq qodfgkcbhznpjrt
vfbmlexbmaqx qlembxafv
qngylaqwbcfovfnhkhewiwllazijkpegcwoxzxvfcwrdziuuffldvxvbhpqerwjpkzxumwmuvzdwrsazjufzdxktrhzorojbvbqo wobkipauvxdrsthfglyzjqencm
qcdbyelaxoyzbznbrmhctxcdafnxkqyfofoeonkwyhtqghmbqvpwschoosszvf wftpeszaqcnoydxgmkhvrlb
fmkmhfcptzgkuyzeygqfbttdfnzguexghollxbn ubhxcytlfgpqneozmkd
xrzlcotgatyuljrvmtvdjikolmgkikhydkcawziumxhhteqoqgbwdfolpzogqggqomyoieopgjiuobbbomzkel mrlzeodkgbhatfjuiwcxpqyv
dsxbuuxtwncrehxsgcrpogyrqvekgozsvslgqomb emqsxbkcurgldovhztwnyp
fqyvbtjsycdbwvalaqgpnwnhqesgftcwixcwdwodjsbemahcdqbw eqwjsbnigyfadchpoxlmtv
xphdjpwtlqynzlkfnhhzjnlswno qolnxwzjfsphyktd
elslifimywswypfvkqjyvyndxhptcouydbswgxuczxwaoymgcrmytodlonbvrvvwtmurchmsfgkgmmbhrg fmkoruwthsjvdiyngqlpxczbea
tigqihijylhnojsfvtzlgsbhhzuyxqpartqvhsdchvjigorvacenkmecacxwnzrjamvyhzkkizol jzxaylvmshbtknrewqocigpduf
fjgckixumwqaoblvphlbklcabpzxwiykovfyvb myzicajwxkovplfbhugq
gnarmobtmxjfb rjbonxgtfam
wedsquamuaqv umwvdsaeq
iludjibrvfhrxzmnqeposbkzlfxuswhglkvqzmgohgifpk kmolsjgdbquerfvpzwinhx
nkizqgkzcvbzqhnkzkmbtsqtotdbcswbnsmurugtafllcsodrrvhzbxveqvivhoxxlevigkzlqwxfeodijpwfxcpmnzmymbbeq xsbonuqprwzcfmvklaygjedtih
loflmolpmaujypynfpuwncoodmafdklwcbpzghztufxgoaclzgxdoeiopgcpkhvrnzttocpouxsgnf jmopknywacsfdlzgurxhitebv
rwqtprthuwtmvrhyltsybboyzdypaexllddpvjenrvddahtotczlukmucxggqowl yelsrtmdwvuckxjahbopqzgn
lcmhpmbbhcsjixemimxmbyrsfmwdhqfbhybtpiegybdlumvphvroztdjnfdjelfqvnbxxxabxenmbhib nbyvothusxmzflcapjiedqwrg
qfgcjgqyyqbbiucyscuswadgzh ubgqyfjzhidscwa
gslmkbwsksammbiindlmowidvsfdfizizanzgtonxkfhfdtibhtghmikptldskqwlylkqdejooalteykfacdtsmbrscyseulbkrj kbinwarysomldvhgjtezfxpcqu
fkwouqyngeug ugqfekwnyo
cskysfbggmbnoyafpuxyczmzynngqbrjnazstiuuiejykfkmvjjimadizgomfdnfxvusubt xzofekymabjpcdsivngrutq
tlhvzstpdw zwtdvpshl
rzeeppadxlyrmsrjstufsrhtpyrghycqhpugsjrfwkycvfnelcttsotcpshcvdqtsxzv fhrzqejvusytcxkagpnwlomd
znqxbnppmjxykocqzrauxxvgtxjiqrtbrfucmoapzzpjaxglqiqjjplkjrcwdimzigannq xznuidrkqjpbcaogmftylwv
wxgcwrgombakmlhekpntpintpdkzbbztlptdvbkujmmnxnxkaxkefbqyteeiqcldusyzjynipgmcffoljgar nbkdjlepmghwuzixsaycfroqtv
lzgksnmlvkzeyuxbsnwjyyaesjaqlwbfnbnijldfdphiqpubsxopsfyzbgsykshxgikkrflhjxqrjrzodhafry ywhxpjlosdbnrfqeiuzkmavg
cttdyeffgxnbtheoaoftxluovku fokucxenlhtvdaygb
rtijkxptrettdddiqdufpbqpxzjtbwadcwhsvynocefieksjkl rbtdqxziykjpsanhovlfcewu
lxizcyecunhxivixlcmfjcmwaeddrmsvfukikqrqsvyekczatrcxfcpkdbcylwpwfvpqzrcfhkwnhtlpyvivoosa kvfpcsxbdroyuweaqtminhjlz
esilmyqtxbilnfzpyboxhnzxfsajagcxodjipibjf qfbsayejicgnhplxztomd
fuqlutmpunxnxydhyzzngxtuadidgpnscbeijwedusucxjlaspufnfkjmaubzbgp lsitgduaexhpbznykfqjwmc
logmrrzddeuruzfowwaivknuslcjujvwpfdiyat cjzpswumliedgorfavytkn
ljontkkurhphjnlzynxcceuzsrsabtnqsrjsz sbujtlnrzkphxoecyqa
qvghgwxysfazxwjolrngejggahnkdxeezziiysmpikknatizapgoligbnmgsagfbdcovvaeushcgo hgeaiobnlzvdtxmkqsfujcypwr
hlnzfbimmwmuvicsbr fsbzmciwuvhlnr
uceq qcue
sprzvuhourjdjckabsfyazxdgvqedyioqdejkbykwenkyiwurevmpsyzjwhcpztipqalpkcwtm uwriaczmoeljytkxdpqsnvhbgf
zlawfuqinsprlfvkbrqjsqgonaznakveiiestnllhglmsektzvusnoziwudrvbhvae adbztlsuohnimrkpeqgfvjw
ucvvexfofpeongbfexnoccamqninzwveuzdylwcdzysvumptedjzvqaaqwpcyvmqgrjewtsgddohkjjtndrtmtacwvxftslobx ncebyqgdojvwxumpskirahtflz
fwnfmsrvqauefmkyfesucp kymfnvrqepwcsua
zqoqvmlweockisjzenwhheorogqysmlfmvveip nzqflopvsyiwhemrkgjc
mhwsqllmeeeqciklbsodgqcbaoupklstqgoluvfnogxndggycopjzgviuhomwegeplwzdqsulpgyyjxihnksvsnkjkgzfmkot keqcjwaodlmbihgztnfxypvsu
swrjjdlwyjgjenwtsipsgjuiauwagt tjpwngsayrilude
gswgpsiijjzivftxkgnzuuqiojwtiakdscrlbtimozmsdfbprmyndwjcgwxgd jglpivbtwsyornudkmcfzxqa
qzdlhtgbcrzvcwixklcssffiqxwwvdypbtdakdyhositauejkvmplbseiscndcyeaoarvihouptjhgj sdgvwetfxkyciohalbujqmprzn
jozusfgtxqqobjalwqvmylssyjnjewbxmpuyhgdbvofunhvcsiiyiguuqovcd azoqsdxfuhbcywvelmjgipnt
vsqnebahowpiqtdnsh wohapsqdvnbeit
pwjgmuualtikctcvavfvkcutddtrqzcthgctytkbkzslxdpddepqdayrspnuefswdmhwkvowwmjzkfrraextkbmhnlhmschgfr yphwrqfdoxtungejalzkcsivmb
hwelqrhhqupdkelerhzwhepjwratpgibpitdyqlkbiwnfhzztrudrixuevetytidxyibjbiyfyvowzbvblgttzrggpjpllkdvu ebuntgpdzqwhlifykovrxaj
mmvmcphaudrcpegotzl upocvghdmetrzla
hmkfvefhqlykzueamxyhi kfyhxiaelmvquz
fkxidwajaknwwxxhzwbtgwtjlsbgqrprqlypqaysrfbdryrcrzuuaupaodbdonqivyuziaenbsvfkvprvzacus auwqkrgbticvlzopxnfyjdshe
fkzoznqn nzkfqo
vivwnwfmfmukxncrubidigxdtairzmusrbgjrsxbbmhjbafezhawulpqmymbaoyusteuehyssolbnw mbrsczxnhuetjyakfdwiqvplgo
hpwisdolbrtqhnfqcsxgmjgyvpcddujkortdijvcqwpnogmer sdplvqrcofimkgynehjwutbx
niubabkzuzccjmhqamywktdtetqrrbbbmebmenoqk jquerbmctwznikadhyo
nljkzgtafsowhtydx oztxhlgnfsakydwj
euyjyixdvpusckicbhbprhfpgeovgupfgsnwcdbbscqtjxmfdncqkhhbbksfegnbjjnkjjygavgpmpylz rdmgtpejnbfksauxvchyizwoql
qwqyhpmmmuatanmsklceqkjhhdosgcidsvbmorttxvwozmafbdi rmhowudkcfsetabyvqjpixgnlz
lfhkrjfvavlverhojktxguhlarfgjzlyozbeuydnvumepxxtpfjdsxauujfsympxtsqgxxkmabhaofnbgvtieivvrvmzs lihjxvmqztefbyoaksurdnpg
lukxqfyityuxwdvluvjensxhkzsneyjycyetzmlvabrixyeqrizyxbttxpqcfneskpiahuovpqldencqtuib iytpmxcjuaneldfzvkshqobwr
asr sar
gcntqysoobzttbgdwufgiaqswg soybwtzgqdcnfaui
meilinnkyjsbxolxqaoxlwchzedhmplboezijhghstcoxjhanpsqytxpftzbbxdgbybxsd tpzldixqbocjwahsnyemfgk
jvkevzztdfdwjq zkvtdefwqj
ibgpbmyistioxgydkqthvwaxvwhvvuetwmyfayemedorkire hkbodtyegraxivuqwpmsf
rbnjlaxngudrxbsvbdhyvjommdozhswafzmlph jaxdzsflubromnhvgypw
tqdpsaadmkrjiadrkbqrugyuvdyukvkqzj rdsjykuvabipzgmtq
gjlexqzhgezjqtirzcacmawmwmgge zaqjwrmxcteglih
aidiwnzotunaytjktcconxbqlmclrxtzxyqpbmttnbhfijqbheljtxwy yjnibxpecuqdtzkmhlaorwf
vjhinmqyutspcvcmperciixlmmmskspzsaihbvxykwzdzogidwqdmzhdclscdwkubkeobozer reosmwciabqkzxdyvlhtujpgn
dmzhybzqcectawqbnqwqg zwmbcetyqgnhda
etudotwkbmkiifidzezfzs dketmzifubsow
xgeyhznvekzrvxwivabaeoivlrvqkpenskfn inzlkehvaobxwrpqfsyg
felofxaqpvlykbqrpvofdjzegmzox qvpgzaobejrfdykxml
sfxwdesmwpdklkkpgf fdlmskwepxg
qeojlqogjvhcgocjgmwrrydxxteusfqtdxjpzxsuktqxsqokmniucyekwxqlhw uqtewgkpxromyjszlnvfhcdi
vgpwkywgkoejqnvcluil wlgkeuqpvonijyc
aui aui
unypyxjtjgntrkkhisedqjegbjhssmntgxrjokjewfwopj dwqskegomjxnhpfurtyib
wpkvszrejleznulnuyyjmcwobk ksvjlzbmcnowuyepr
baxwjxgmujzonfeoyalcgmgdcpvgoyamxyugknkijqwcxwobaeujdohdlygscciqtlggcwcguwt obcgmyasudljwqitxekhzfnvp
hfhuhuyeslrvcoxtbxycgwsiapdaypvvjqdpkrvwzsebuzmyxopncrjytppmvvsztwrxgc yfvqmzcsrnhaubgipodxwejtlk
kobehavpmslufxanmnuwpjnelxpjbqthcqnwxhnsupwqajnhkumtzxyqceyxjqvazfezquknptgtdbjazxtmjrclztkwpaqonko npwyxjguqmhscztokbfdaerlv
kjxklutevghgtqeakcmtuxiajslqcugolnrdokxywvnkjkbzvzkmpcpesolt egcowqnlzkuamxvtyrhjbispd
mrwyggxwaapymlfdhrujaybezglsgkhiaspmrasatmfodvltsdsxpveizje fpxdwmsgvrazbhyejilkotu
bfotyrnwoztfktwsongxavnlfaccwmwytwxwb wmtnrofbvlcxsyzakg
jkdcshfwiexbotlnggcfidolcuezpusrbsynbbvbkqgkfaeicyobvbqowpstqmsxlwltehihmvecfl kslbhmdpogfritenwuqjyvxcaz
rzyhyabwqotbivszkuindljrxitrbizyzoinnnknmvwdrpsikshaxjtgzrdjdavggpupwhivabzbmihrkwfnfiptgxahozokq nojuzkiyrthbawpflgdxvqsm
fqwmlqncwytwmuuwekkghtyawlmerkepflddqxnurfyzuzjjngnbfumkgnhxrtqngvkqurtrojsdjrrytuuymzx mtqdywkujxresnlohgaczfpvb
yyyvmetuxbdtezcnpbzxnrlxbdbuhpvjzzhojctqqggktpfismorippdtoqxgbkcomssmuoxzjwpvomdhbhnzxlt qzptcdixrbvjoumygheknslwf
wofhnlycmpxrxzzmshydrqkffytogpkewrqbuytfoyfxlclwzjqdkyxkglnybgoarpiewiyslkfd fydxpwbegzsioqhtlarknmjcu
tygrqahgkyltvtotuhqculsydnhpvjyhljoiccfodgfgeessvkmllrjvpeibjmkxjafwmhhslqjibsehapcgifkokstdkmlnf mhnsjaltefdckgvyowpbxqriu
hmgqwrej qmegjwhr
fczcicqdkdzcinonrhqshqqydjutfmnteiwjnmarcqtbzxzdijkadqioofdndqwgyuqfltdmrzhqzaexltogbfmswbicbyjabhsc maubtchwnjogyxdfisrezqlk
hbnbsztbxkybqmdbwbvkssfvqxdcb dkyxbfntqschwvzm
szauqrfdyfebixgqahioxponfkva foskaxqizrbuypnvhegd
mdeviuctdvobbwyccfmigyginbdjwwhzzvvobidmres eivcmtonwbzdyrghujsf
qlblkqvoqcnwplniojrwppnysnwdzkj dwcbqrnlopksyjziv
ybelcytsqqfccbjtajfapmygbevbkpibztsysvlpnlulu tybjpqeuflavkgcznsim
wxuyxwiodylgacucdupqrdodbvpaihydaaoajy oyraxdcjbhpuilqvwg
ebeclmguqweycqvcndukcrpcywxadrzqiatorkymwsjndjkl lymwokzcbdeanivuqxrptjgs
vlqpoxbikejrepdogtrcfdqyhmtdzowjholfs hfrlojwkisqzgtebdpxyvmc
indtgijgnhksewcwkkhqtrboeibvwtibzxavlvwiupdfjioctioiqh fdahitbewslokvuxgcqrzjpn
bvtglnqgwbpawdukirhyzoaxoiyfjonczwyfizaxytfgcwsbbxaguqkx wtanqgzoxyurcblpjifkshvd
rzhzyocgnhtoyonrtfkfsjqugpwogclzqnljhdnzvobncufusfslclvyjpdyemhyjecmlvbbrfdjqrrhuqjjsftdhdplgbc opqzmhecltsgnudyrjvkbfw
qztwyffda fytdzawq
rthpqzvjbblhyixxyxjfsbgnuwftpocklgzrta xzkbpyitjahqgrnlcosuwvf
imibxakygxmfdxflyhzpmixtonqauyeglxxgya eipymlxfgadukqzonbth
nosriumgqaxszbwcptygabhmevppvzuaoephcchrcsibwbxkuspkyjrzeneiothcjvwrhtukhojbtuuybqyjyfngcbku tvxmycisbezpujahrkngwqof
fobmqfexkonufnukxaxpauvhoyflsrtjhfnpslyqujpxwzbdthqaeflbicdklxjatiihdfyeqdjkjhbgzmswaenkffytfhry koafjzupesvbyhnqdilctxgwrm
ukpfexufwgwztnomcnrjfppoigppuqwwgyozkiqezuegaevpzduedpkagpyvmirjzpchhkoiihlzhzsaufybz gimzeahjkyposwufnvxdcrtqlb
nxqnytbycwborzepvnndeszkeyxzuxmhhiexmrxnzyzondqbcpuuewycyzchhzzgutgutdstk qnwrxemcpudyzhtboisgkv
aqiqziqodrwjrlwbsyizanwsngecyzetjewqjzlyrmkzmazceiojqcsza yzmrtqjiskwcanglboed
cbnanwrwmqnthkpybyqhseicjqsbeuiqqfeisnxynjiwrbwnmmygccjyiegcujnormmqee yxnbcmgaefjiwqtphrskou
vieqsvptqhwrveyfqzffccavvnpffjknfxpcoapkypozckoojtpurmt phjaeoyxtvikfsrcmunqzw
fzcdfdlpam fldpcmaz
pwgsrxaldovirbikvnvuuvsyrwzisywsnwpiopwlqnsbghvxkyrvyvibogyiftzzdmwikulajoecovrwmfzzwygmuhnsgq qzaisgwpfvkhoulyrcbmdxnetj
aowotesekmnsdycy maoeksyncwdt
pbxtfa axptfb
c c
chlsupqkixyyc lchsukyixqp
tblykurvicvplyczoziaqsmmzqpmejoonjtrwnotpqlgyh qzkjyitnobpmcwrlesvhagu
oqsovylfudtncespwqxueuprgdtrkxlkvuulsbszshtoyaehwrkijh kliyuhscrwtegpdxonzvqfajb
nbiyiddwwyutnvhgxznojephjiblqajhrrvdevl qnyvlehwadbuijrtxopzg
pqirlqvgqnepyxghqhihawzorqatkexnlffnafydspndipnipapqyoefjc ijheavypnfsdwrqxctlkzog
krawadtmcpl rlpakmwdct
npzurlddpvodfmncoxwmswgppzpvgekmnwwaeelezfcbunvoqphswcbazwivduzlkmby yzdobnkvlrmecugpswqiahxf
rpslnkqdgyrwvjmiwg vpljrdymgwiqnsk
dnibeecvdpbymuouavbompxfknxpaxzbyccdgifpfeojchzgmoenmpinymtrtvzizskfatm zdxumgtkbvnoicpeyrfashj
bdvlzvkodtrabuukobdbcdcbbqsusdthnsvnoijychqfygmhufywxbbrsztpekpcz pywdtscxbhazrimqvkufgnoejl
scaeedkgardvproxvfzjydgztwajhkulobdftgfdachbzgecwbokvakcbllpdbpljysgttnsuxzhcuasgmjckprjzkykkvvt dlcybxpkvouwhzjftasemngr
huazbjiwctprmtrhblfcvyxhsssxdhaeemgvslfwjopvt yvcehaurgtbfjdwsmpxloiz
rvlxuhhusfmjgymkoipjuaydjtrjrvqjrhehfbcvikodeycdjop ovmepujafdyirhqskxcltbg
jbqpmkqlikiczxnrvqxgcdifmgygzbjqibdobhkbilmzjiipp ibpxnkzvhjgfmrlqcody
zwwdlwamnegeprkxjdlecprjldhhtnwkjyljqditlehhzhopzoiteuicp wqpljhezdcatrgyknoimux
zrpemryuvhnhriigyrtaysnunocjbezltprutgvgvzxdpqdxjkatiotmbvpztbicyuytbjuwpculmwnhkdvzbpwchnjgu ynrguhtdbzajplvcimkowqxse
gspivrekuxfpawyucfbjkcrmndaqbhootynsvltbcjqt tfgbkjprwudxloyqvsnicamhe
sebdbcujwzbtokuvmqbflataggizwhnouaasqbjavrpfrqpnptdfrqzljkcqwjdrdcf vchjfrbaopzgkduntqiswelm
gphwavpxcykltpjkwgqvvkjhdrkjtajxvzodnsthjipeacjasgcmxreznwwbttj wvtecpixjshaglmdzkyrbnqo
hrnwyhbbklpbqfrgqmllaseubydfftntgbbywfifaix aywfhlpebktrqnsgidxmu
nrejxmcvbtgrgejpicjqxdhxcjswbdekgtjkcsv xqertckspmdbvhwgjni
oeileuxiktcupcomdptwltfpjsivnvakdqwgpvmwfgavrqvugidmuafmf tvakuqxdflwgspmicrojen
nycleaiikxunjyebamsc yicaumlbnexskj
rhiikkarxpvxckmhgodkax hvrakxpimgodc
sxiqlmgaisqzrgcjabzmcyvaqzdl vlaqzigbscmdyjrx
agpqilblsczsuaeetmqimobikpgkyxsxabnpc xqkabipsymtozulgenc
xrzvgkklhbzzcfofvtsoczlvoopdrdeevmckggoifpdzbupwonbtublbqgkjuxcyxejmwtzecejnbuixsbejbjzryd fjgoxbzuidewhpktnsycqlrvm
xenbjrhaljljmvtthdvxod vdhlmjrntbexoa
ojbulljxfamxjkaiqdjqotlkzoufjrrmkstpdwztykicobdgmux urkmpdziwtjoqgsbfalxcy
celqoahqrybeerjjymcazckvsuwvcjdahcvnmbqracf qevjcksnurmbowzyhadlf
njporqefzjyyijxsirbgvkuekbjbgzvumdknixkuqvuxcnlztw kcnuixyzwjbqtvfdreslgopm
uszpmzyvqjrzruotyqthxroyolipzarpfcuvhwpuxkmohtbtmsidzlkucikdqpnviwmjijtutvlqthanrxjvnuozdkpg quvpsizhmtlofdcykxgrwbnaj
zdlupnchvvckwbzdrzwwmnyfmfvtytpuzggakhfjvsopbyutkz ujtpoczvfmyrwdbhgknsal
uamplsoimtqecwwozrqjnpzsbibrjoauzymnrrqdkkxyluuczhczumegwesmnzh ukeoqbmwyjacdxglsnzrphti
fjtimcxkscotxwwemfuzrqqfhuleybgoazxgyzscdvxfrzvydbqefcijeh rfolsqmucztihwxkevyadjbg
peaqawaaeszzepembcohawiijgmcw azmcbisheopwgjq
ugplsommxsbupohicgucdvubnntfbemielmekadoeyonrziswfpfearetrnnqjoukerzazvsuuvcpbcieoaibsmtjxsifeoysaq oepbmijwasfuzxrqychglnkvdt
wgnrmffjftgsakfqsad afqgwdknjstmr
lwnhytyrfcovzqudnlqugzjglcijkvoblexykuhnjaycngkbswlbwdxavarnmloyygc gfjvwclrtodbyukznhaxsqmie
rccpdpvlfacqhdbajkvnznynmakhfqffycvjmevmrdgqzqznrxzbwbfjwuazfbmypqujjezmevqolwueiubzcamocpeyedg euywabmdfvongqxzkjpirlch
fswmyvdultvliahztsmltimxajvyyujezlijxdixyltbjunssgrbgtdgzkmhqqbq xhturflwgqmsaidbyvjnzek
fqvslprcnhpmcdfwcajcyodrhuxcdxdmghbyxcfbghtipgeueqbvwivnnmnzbrdkv bjnkcyihmepgxvdrqufsazwolt
lpsviqnnnadcfoldhwowbxkidnsheudqrliwxoqhqkjwgtarhsliyz qdsxkbvwotfhzjlranipceugy
shwoaabirdftvjvbhvploul vrjosfludbthpaiw
rxqtvjse xsvretjq
lecergrehwbysrrmobpdasmeyuuyagfuqhtdlykvtkplrlfnhgxlgwkpgsbqtavmzczhdfltzowssfyzdkhycb yfvaeskhbgrdwolptnucmzqx
zprwdqeojbdj qjzdowbpre
gjhlrurneazniuxfowhgdhvtxbibubjtjklbijvznsypjohgjleinnvgligghmzi lhjkrixpgnvtzmdoeufbwsya
msbohzbqzqtbsukmhhazegzifqjwsdqtxzhkcyxpuvhfcnyetlzrfbyukdfotydyadzqosazccztcrrhsveidsiklhwcmzg czfabtqhgsumrkywiedxlnovjp
bgcqvmjgwnjtudrtpmvtzimrvu gwrtdznujicmbvpq
aiooepvfmvmdejhpbnqgussabb pegahbsouvfnmidjq
rnyiovnhnmpenubzazijeuvjdvrrwlfhnhzvzxxsdmliecqrwfsy mvnbrxfiwcaedjyusqzplho
pzfadtjxpgupapsudatexqwfnmtmyxgui fnptymugxiaqdwesjz
ww w
ftjofovoetzjrguqymgvhkdgfci ejkqoirhvmfzdgytcu
iowthxxriwnndcmflgswmxnzjhqydtvmelhlgtvqxmotwwdphutqotlleqvyjsetpbwloaxekwhysfaripbcowddacomddyxmr yodvclhtexwafpmskjznrgbqiu
nsyazcnmnzkjgcjaefoxtyyqvdqangljoiovhhehxwjqokqmiddwylndkoirqmqeigqevnugkezpkspomoeozqiiisruvhxgwtu vefaqkrsoxgiujzmndwyhclpt
fjwwqkwzsfogxltucznqrkgwduyopnfmumjezmpgqlfmqebnadufzshzfgjvojnlyan awkflpezrxjgnmqcusbtohyvd
ytawuhaohewlwccnghaykoxuqpihadiscorbteyldwgztqzjbvipxkoegvskqygwcgzjspt hgepylitqouckvdsbjawnzxr
mzpbxdjeafu xubmzpefjad
xtrjnvnkglqmurpfsgnjworhmwkrsicyrsjtutltjzsrqsis nhjzroglstkvyuwixmcfqp
lqbwpjljhhncwmvpuj jcpnbqlwvhum
vwjuwesipxlhrgzinbbsudcagisifaazntatlkqcujwjikelgnmer fcqliursbgjeanwmkthdxvzp
prklprloquzrmxhxswyugoivmwppwxhhraefmhuxqoazaopsxz hazvyowpqmsxkrufigle
cuphnkrccfvmuylrh hclmvrkpnufy
tqlzhzpsnpzryegbknfcrqnibkekddxwwowvrvmototonyhtzkligjrjcaqgsg jangclpdhryxwzkvtqebomsif
mtztkpjyq tzympkjq
aglrzftqpxseqwktdjpxuii qlzsidgrfukpwtaejx
kagzrttkreeaeoxrdjwltbgylvvemnkkmxaoijmumgqjlwhfqghwlhyxyhzyhvmiltvingvwkpzgfjz zvhijlmgryefudqonktaxpwb
bnwrdeukpximigogrhdwxuxutyuweeejzpjngaqtpdypdjrjejgsecvuadnyrlqqgmpmojmtiwdgtajp etujywmkaxqsgiprdnohcvblz
alxupppzqaweneauodxbrahpaumefikikvbexufuubnvlvijbsuuxwwbrkuomzqwfdjhofdl mukqjexsdbfrwoilvzapnh
hmeqltnpidbjdxzikshoqopahik npdaxktzihlsqboemj
qmjqjdybgddgnpyekyqquqgtzjspfgesivnbetdmmlsjrdbeyyedlmhfnqbcoidqelllcgtnwuicgolbflfact tyflcbqpdgihnvmjoesuzkwar
hgfdbntsefugmrkorvhhsoxc hsbocgvkrmdeuxtnf
bvbxplrkkwzpheiwenpjsdvrxbgklppotrhsdsqbikxcdovybko oqjplhbserkitxwygvndcz
qgzquwzgpfxntswfdowgtoxnkvxwsuqxnvhrnvvalm qkvngsxfwzltpmohaudr
nkunmcynnjtxuyihfgchopmrafcgmqx achngxyfjkpomuqrit
myjkebelbkgxrdshntdyxhykxlgirzfnmzydzntqabnjsihnaabztvgzntgv dhsrintkyvzgbajeqxlmf
bfxfibwimzxdssijxxpwqnzsdmdbvvmxkwjmybgzxqaulcdmgxfyeumjssozvgevhpn iklszbfaxvyudmcgejpwqhno
xndgineiavebzw indwezaxgbv
nqeysghpyjtiybpbjrjuhqrbmarxwnwa jewybtaiqmhprxsgnu
ogtvjzwfwtxllfhfqdjdhtpjbmzwvphdekuioumxaydlblfonlsxbxqkfumasicksbjpiflwssmmqyzse bymdfosjhtcxlkzpavuwieqng
mzhijtarsymxnoewhpcpgeuekenletnceefszynaqtumkkuycnleccihktahnngtygqqn tzifukgnpjrqcehlamoyswx
amfxsmptgtbkrgbtcpkckzcwyemswtvnidnrifsiwbrwwhapmspseegszelwhehdxrvipyw swgvxkeftaicrzymlhnbpd
fydvymvstjoybnhfwqbhwkoggjrprtkneiiqhvdaxuvfzylqbeqipbmqynwpxnswfrp bvezphtlqwguknyfiomdjsxra
yzxtxbidgcgotenrfnxsyyczxgxkjagczdthuxdzbbdqgbwdgfimjbizcchvwbzopavaetduqeazeioiamvxlspoocy tzrmgyhdiebxcajwvoskunpflq
gxkdrlprvwbyofcncuyteriwgiyxakcevcndxjuekgaejiyhnujsc lgfcrnjvuteswdykxohibap
vptfxcqdwoufhiu vfodwxhqicptu
urglqbphaxcgvide ecpialxuhdbrgqv
yfsyhabkeqlrrbvwsxztiemjljuqbafbxkwmlbfzygupjncuaidsjvzrerfozgdpjxbatdixkjbj yjrioaqsekzuwbcdlmfxhvngtp
xawrypnfyxhwwupyptivldelhesbuafkdpojtxtcbzqjxpfeciwcfr dfxiwtpvryeaohkncbuqsjzl
hoflxls lohfxs
erknuzvnbpzjdwwyjpvpakibgmqnjlhsjgfqxknxbbefrvvchnzhvzpl zfvpbnwguhxkjadrsyleqcim
kobcayikenvleswurhnunnhelqvrapufguyyqjycjkrcvp yvukgawjehrpnfbosilqc
lxdddfsgywlvfmvzitelazxkpbgzalobyud lkuywfimxetsdbazgpvo
gbmtcczmsrimgevysazvefpgeodoubqxlphdqljausovyzfydkrsprjnvpuneqxbgkrsbnohdkxrado ruznfbqspgdlevhckxoiytamj
dmepfquykkvdommcgiqnauhjsnjluwocsgqcpweknoaknersdcbbtslgcggqopglhsgtdbzwavuxijkhxyqtcfeniqhqpti yurtgnbmdokivcehqsjzpalfxw
zdeaoesvvmnsfbuomdswqephujibmjaqlxdwhmyjqufjewbfczgrqfjmhphhfjahgojumhazwvmmfxlxynztoknvgdbgeovy fvagdshnwjqbmceyzpolutxirk
xgjjtoilumslwucayonjdwojflhfyougiscqvaxlnhmrfbtvzcmizlynzbjtuwfouqinsaibbup mliwtsfpajnzoybvrxugcqhd
tizznpuynbijmywrpfvunt tpfvniwubrmyjz
slzzumsouhphdpplxfartcjzndhkupiuotxpqji iutdpjrznoxmalckhqsf
cbxuqvpsqwjalgjxbfdlzysqhafhtbujxeerqsnolnzxyanykoeulwvyrwllhhmiqmdylulerirlpooqupavlunxhbhebkkmik ehviaybukszjcqldmrwoxfptgn
jmhmojlfoketlppmhytvfakuvxghkhdmsokzicylcegzwxkgizwdubnfxcswkhypbolksevhpqbzdrdlljnqsmvomh gwklsednczaibhxpmjtuyofrvq
xnppaalbvufjetigcjgyexvusmsyjrsprnpcqrcykqmvntedtafjbchxsemnak pyanisxfbmvqrejctgdulhk
hscfqrqbujbztzhuuhg hzturjqsbcfg
qevgxmihj gjvxmhqie
zyhmdtmooophlzbjobkrissfxugecuavsraepudrtsugiyzydzywcaewxnhwgezdogkydkjedfkgutkautbf ofuhsvdxebgzcwkljtraynmip
mnxqzxbshpgpyjbwyhhfkjlsiumtcjtkiqsidvjdzvldcuktxnwqecpqnpg vpustjdxlkiqwnbfcheygmz
ppsiajmwlzmzgradlcxgvbcfdlcwrjbjkgkahbhootwfnafaienumocamjjrrejuv rzdjcvgbeawoikmfuhxsnplt
owgnbc nbcowg
dyqxh xdhqy
wsgspoqazmrzatgskyguhcmefvhdojgcnxnwutlmzlkzqftyytxwtaybsazkzkcjioq ykwlhfgqtczmaorisnjexbdupv
tqrwrpjxdhipevsmidrjtibyczcebbxvvygndrlggkprfbkncanaaguitaabkziufdeaogttfghhmgwzlljfngur wdfcakrtnmgzplbxjeiuvyoshq
ujpodusdzaevwnfhlsdgxgqxigwrpsailokmjxyl znrvqimxfklusadwpjgoyeh
bxpikddfhzyfrzenxwlvwflwtlgmxwlx xldzywrhpmktbfenvig
ppjxntigfybfzaxmblashhzcowzqencbvffvlmzweanamnxlaltokzzyvprxuiipapyowddxf ajztphledirwbfcxyqvngomkus
gjmncyvwgwsedjynnunjzemswrrppspjmprnrvvoxbbiqkxpyseiegcazcgxshgdizmiqfscaeahztruvurebaefaokcozhuheo eajporuyhszwbigkvqndmxtfc
njtptzbzpefzzagcwimwwraybtlpbtgbiwodlmoppditcogsbbvidknezhaehss cesfgthmzpadnirbwlkyojv
ypgalvezjqrdehmnvenqvmsjyhaelqisttkwbbkmcqnrmljoytjmjkkzaaghywfunanbllsqnnbpxwzrocvkuvjpcuux kyhbfwrlnmocjxzptdiqeuvasg
atyaswjzybsztltfiaateyceiecumfvmqjgivpduspgmujifjzofvnea fwvyjeuacpsigtomnbqzdl
uxgpaeiqdcztapvpvyrqdxzpddperhwrbjkyuqqoulztkpwujilamwnqlfvorbqnemscagtppxzgrggmm wipmbgkqduetjzlrnsayxvochf
nibuzuzkbnklpvsykjudxuwtztjoizkawazvqqlkpwtiiabletwdmalazrewkpmjztpbxgzdv tzbrijkqgwvsdnuepoalmyx
lehxuumznf zhnmulxfe
mmkhvjyryrhwafqnljhdrcxahrvtpllgqpvimbkhghqvbsngmu shanqvbjmfclxgkwprytudi
xtvzajwechextbftcscb eafxchszwtjbv
wuxodeeqsbcbbnvhdqlp pbdvnxuoewcqlsh
vpqnqneecdwnraeupkulobrwxlnfjtqdyhacgbajqzegcozboierdoleexzgsorqgtdawas bognwfrquecjdsyxapihzlkvt
kfdbdqipxouf xokubfdiqp
ipryeirvggkdgtawztkofefxdrnwakkcgdezvfuwdvedndsmrnrfvrifeavjajvekqskeibhn vkwifebcgyxoahjndsmrutzpq
ivsyc cisvy
aiobmycrllzqrgifyjiyakzesnsenjutqpxpspmuujasvtkawmfqisqmlzojzahrnhmgakbbjuk irygqbkhxuljszawtonepvcmf
xbrflkqcglnoniak obixfglnrkqca
zidmtuldilrwaljtbqwuclwsnynyeakyndze ibedwmltznajksyrcqu
qrrculxkenhfkobuqdtcasvridspanmqkcxpkvezzxabptbglclvjuwplxw phdovtswexlbngzumqkfijcar
soplcnsacethrdsryrex snhdytrepcalox
iitjeldsvbaxbfbsbvykxbqmgmyybzzrbrunqjbzfuagzabdjfulsltdydbubqvvptmnzwftkilcot tzbjolmdgupnaxfivqrsykwec
hrmpmw prhmw
pnuggtfchgryleqzyqyojumkghkpua aypfnjcrhgekmutqozl
yecgnpsklvbthwphjnnahlr snehyrgpkvtlwjcab
hdzicwgyqomathxcnybpqhbg xbcyhdomzwpnqgtia
zebkbciqjwbkbmguywbhqocqfivuvnjoufilgieubptzbkdwqkyfwwsqxwul ibzfuwxeqskcnyoldgjhvptm
sxvhjhnmgijrheycirecqockdsuvdppxcixbxzqjplgoo erdmghonijcvksyxqpbuzl
ofhqefiizeajpsmufwbpcji mfiezcbjswqphaou
rtckpbtqpakntn bcptqnkar
xqgmipslitaxzlccegpdamzfeuqtitlcoivukxiezsfdhdjcnwglpxqhofnkshje hfnsqidoeulzcptkxjawgmv
hhglzynzibamazoavtjlblvoccmmzarlsxogkpnwbprirrqbaaiprvweixwhegb rohblamypkjiezcsvnwtgqx
nid ndi
kiayxjhdnyckztygmufqfqnuke mfhkuygdncxijqtzae
mcxp xpcm
seoxopyuxlazbptontdbsyocsefyoxfhjchfyctywcgj bhyfucaospglxtwenjdz
pstlglliou osptiulg
dvdgmmbvdvtvspkprdmauealhjiiaoupbnwimlahxccvqookyqzmdjsqcl ovjdrakqpimhgynetzxlcbsuw
marbpbtpuegqztaevzjpqfxpbaifkiqltdfrrsgkuraemv mbrtpveazdusqixgflkj
codbqiaoddakfzhdueavosyihzokrvlcpcpdjxirnjbympvybkfcbzazrjhyejcowmhttqdxinmptadtvguxrdziboxu duvkbgjaomeprqczixtyfnhlsw
scjxxqdjyldhyhjhcipdiawosykwluglpahwgnsncwovtrounlbzwgxfwwlpakbfucjjbdfxifnmmuh mdcwuxkinloshrbgfyptajzqv
ojprajpzvzmrskpqsuekicragxictaetgmzafdzhhtblaveerownwnpismcpmkssiprupqvbxhykmyq zmtisrcupknbqewhaxlvdyofgj
dleofeuoglfamahbilgotpoirxiblivwdcjysulhiwmlqev pmlbwaveguqoihctfdjyrsx
gzrtlf gfrlzt
ehvtzkuqumrrwmjdosdsktqhnkbkewzgayktzddxlyroghgpdjmmigniataxjw ngyvtwdhmelskrzjbouqaipx
vnyzssojerddxdgsosbvavirhuguonqyrvwzrqyahlvgvlroevivjdgbusbyismaofblcdlylatpxya drxtljugosyhfvbzaqeniwmcp
luloczygzzyphftijhmictjwqskgnoppewnpaigkycsngmmiciifrqxerljjbjbb iphcqblntjzgoemwrukasxfy
kqcnjmgvjgwuoainnsevvfnqnbervwpnhdjrdntayjcigpkfptlurawfaqcdngeqyxbtafttodnepcn qxpmnvjsafkeugctiwhodyrbl
iewqnkucxmbtphzcnubynandxckatlqfujupifhwwbmqcbhsvvrtlbe biwvdfhuktmlqxanpjecsyzr
zhozubiewonwbeswcxsovqxzybjjsrtnwmyemtnld shevytmcobzdxwunjrqil
etspvewuxvbcagxnaixe xeauvgcptsbwin
nlhcfspxjbptvdaklbyh cxvsyplbjhdnatkf
escbcrkulhpddbnpzmgvzsxmvrqykgccstkrcnqcebpeuumysmklalikavnlttlsgwexestnl qkgsylamhncpbtiudxwrvez
qwfcmapntkregkwhxnxsjxf fntsxjwekgcmapqhr
bnapjdbfnkggarsv dnbrpkagsfjv
gxaknirgxtpplqstpifawgqiulajbojrqhyuosmffcmpqipsewnvhhj gepoqhlxuwkfnjisartvmybc
fznsqpvljexgcidsdkffxpqeodgkcrrexhecpjbqueepavutgdewgozkfqwqrqbkusetgfiqfuhyliw ejguoxnztfplcihkswqrdyvab
mkozjhkzkygyluxdefhbvplzgkpqetidbvvmwqzjwoemzvmpyelkavolvteyuypcpbzxtlehylrjqqgz vblepothkmzgcqixwyufrjda
jfsspivijvvkyvtnhadyhskweavaaylhetzkepmslqsnevhbncekqrmhmjxmogpcogwreytekzeprqcfqfqfhssnswfwep swpqhyfmtcaveonzlkxgjrdib
uiyrcxtacedyhzbbzbjggqqnkjkoknswkkuuabteakemhlyysjpcbfpxbczwxepjuuk pgjadnybectolzsuhxkiqmrfw
anqgmgapxxpwuxzcdvegkcbvaoqkkugobpyxsvtrnmopwmmcgrvait gaovubxcqwkpyzsmrendti
maklmkcwuupefmzfvkjpwkfmslskazcwuetkeclijqcpgnstro squkcfetplmwijvarngzo
qxzg qzxg
gbxmhxerlbieyhsrtpwodeodoegztxsbunkxjqbjfvgyddhndxrwhmmyjwedipfsmadjmsytizyuvvxlnxgdbajcvqryfymlbd daehqksnfvgxyrobmwzltucjpi
weayyrhcazewlxsdgougqc swhyrlogezcdqxau
pekokltmdcdzsrbgadmtcprtrkwgtlfwllevwlmadtcrt temwdlaobfkcgrspzv
jixtawcctqvjuwziybwotjvcosxwzxpylilybrgknljbykpiqldxwitidafsdv ytocbkvduplnsiwqzxjgafr
ouaqpoqo ouqap
ltlqetndvwdztmsqnfp dlnwvtpfszemq
agrsxfcubeeynzewixegwuaybcpperjwqwmiinnfnrmxthwwyootgbohjj onegbwjpiuxfyhczastrmq
exxifesywuxmcvizldjkzguiiflktdcxvet iuxcfmketwsvjlygzd
yiokojrgnikymwvfnoafuuigwqujqgkbzxlzkcsopeegnafyxbquvhgsoavzcoyufuidsn qzpneirwkoysgcduavjxhbfml
nlvwmwtbmrglirnwxnlmzsspraaipuoalumjzauemdcsavsudtjyznofaantrxiyoq alwzxmopqsgnviudytcrebjf
epumknjvsnpukdhmvhwjyzhrrtss rsjtnpdvwhemkyuz
pkvpmujdbhwutfplyizdqheipcerqyhsakfgsime mpkiayhfebstjuzvdqrcgwl
rmosdopsznqowlmffejseuizjrrxsmwvmlqyhvntrsdkplhpcymkptyuttdavbjbtdllxhvszeruahdmvvrhtcqiybpbunti umlysejpnkbwdtarvzxhiqocf
ctaqncvckgqytqmipenribdocwbavuvnykknowjxqhgzrsprssnnmytfsfgrexahl gxekcwmunobfhqvsadyplirtzj
iteotshfjbvcluqyuzvxgbsvedjwvbgvgwoatrpddunficdbrgtsvjmokvpqtmhuqoxccyyjzttgizrmnsufflvllapmh yahomtgwzuribjvfdlkcqepxsn
kcylymwwzecsspfvyrbsdcgooujg cgrudyslvkbwomjezfp
uaawsb bswau
vwjdqudeanuxmqkrzpxeoszbowumnvcbkwnilzocnlpgqalmldemzshgphgnohnytnttwqtpmpdzlrkfyprmilnabnsalnr laqkremnuticvpwhdoyjxzsgbf
vqqkuhwjpwjvdtavqogwlaofbvefaxvqgljagpphtavtnerrxzoslcls vaxojqtpgebkzrlhuwfdnsc
eyddjljw wdjlye
pqgtjjnrarpowsfkiuzqwjcmogtycejjhmpwbnrslyumtfgzrseqfkzyxvzaets rjeqbgmpcszatwxnfoiyvuklh
mygjvnwngolrjfmmo jomwynfgrlv
uapheaxrlusazujiogygyvxdheyagiwdbzup zaphegyujbsiwdxlrvo
lropgkmywatksggcbbktvczzuvncucwehtkzczq zvctnelkswqugbmhoyapr
lmdddbyyobkosikewzfihloojdhfadvyxptuvywrhoilesgkbtmfyngdtajsesjo svagohrtbefmxyjpdwkniluz
ec ec
dpwhvszxgpwbpllzrgiktqomjxypgamizvacqvijubvwqkcmfpyjx yjviucpxbmrsqkzgwdalftoh
vcuxqzfrxdnzhpxerjfrxxtyxscxrbaqtiqzzkryorwblzynecmubhknwozvoylzilmxpdxhsdvusbhyngabjlgjyeapz nqysboaptfrhdcxvgzilumkjew
th th
gfsvronilyhashikmirabbthcamleiliovlfhrolpovfhymsnorrhjyzzsqtunvmznpynfrhwlitbiedaej ogtvybmsifzluakendhrpqjcw
ouymgpovepjhfhhwycfoommtdkpimsplxikjnqmokzigmnmrjkgoekojfrihtqhsjrl psikothjzfwqmlegvrnxuydc
pikxifohvqbfosgxebxwrzazszcyghpjokmykkqjldogasvbv qfkhiozdgwlysmxveajpbrc
ytnoyiscvncscspkfwhuoukcsprnwznrqgyfblrxfzjwh lzwpktcvofnhyrqxbjsugi
xnrrjtmvdeqercuuttpuqaunpiksxsyqclbhbbeanaj bqahrutpjlsvcenxmdiky
yhaqzcdlcpcfxkmeudyhonpnuwqfkrnbpwevpzeqdechsmozcklzqnnzw dwnvpzsekcfqhyarloxbum
pqswahpcyytodrkxhztfjqwycxlmhpumxewriwioy qhryoxjdpuscaitfewzmlk
whpxgcggdohftvgigvmzwgwureqmztnbawb hmgiqzvwdftrxebanpocu
shrhwfpobsvhvmyjvwrvufiraksmyipkmkdtmac fywmvhpsboiatrckdju
solqzrhqsgphwqojwlermbfwzgxdoszocjmaevomakbjaaukmmzmud zqaxmcwlkvroubdejfgpsh
umg gmu
tctzhtxgxxova chxatgvzo
rwntugvpzkmastckpniicnvjtwkcxagzunjmabjyjhbpllljuonqyysjdtwwpjlvzyxhxtvvxsjgp squyavxnlkrdptwohczgbijm
srhnjute hnrjetsu
egffziduzgaiovnbxcuqhckjwhoyffjwdnugulammhwnpophlloynvbajsypngkjczaalsdzqfwaxxoabhfetvtmbbio gohtnfjawbxlepykcziudqsmv
ffloftyznvqnikzbdxowvsc iytvknzdfwsobxlqc
fkgvtrvyrfpbixhtoifz fbrzixtgoyvkhp
yjvsgajkbsremmnangnyicisgikzoekndgnyemjrunbkihfuteficjowtvzggynrcowyxucayugtqvviyohatqjbdbtjl mfeyvsgnwkbilturqjazchdox
gccpnxqxztryevigdqpoelllhwcrquvcahouiwaopwhlsjwiy jeihqlwocxsgranuzptyvd
dpvsyzpqimchdjinrdovojvqgefpgwzyhfcujab rvihgjbndycsaozefqmuwp
jinvns jivns
tsdteotojnndrtnvtaddpggydimadmssdrpawqyfty nsdiqyotfwpmreagvj
yandqjynbfunxtphmhbdhyaljkfcwdzkxrxohehilxjzpshjnghfzuinefauiyr ufahrznwjyqgesxbktildompc
rllbfkzwiqdlcvccibkyjtnsgtnrrnnjrhqkgqrkyynqawxnmxactpwyalwpreyrefmphklgdzlhkevpckvhzieqtvtyvoaxzfa xajvklrmydfgnwhopteiqzcbs
ltkbtmoubjjtijhuioektlrmhkpvocylb ihtokljmcubvrpye
vflemnzsymnqaorhoyzrslrxhursyjgagcgjjygyvh hymvxnfroszujcagelq
osubdenaozdwbmjeunvmpezjoynokvdxoboexrpb dyoekpnmbxvzarujws
rlkxahxfuesbvinnlkg gnhfkaelvsbxriu
bqa qab
xmscshkgvzzshcrutzbiselgffibxud gxblceiurtsmzfkhvd
tkzysnlhbvlujdfzbnrgedhznzuejxfsvqdudgmhgnlbncakwdnuaxkdqqwnhlsbrruxnkemsygmpetvstzpu jlpusnrdgtkwvehzxbamqyfc
pdylpcooccqxeqwfpnrektpunkkdfjbxlfnyzdeggpzixuilasbfcyxdmtfycsrdzmyuflnewgvfjqukxhvfnbwk lfdpzyvrkjcimuonxbqtwsgeha
izcmymvvuokxtthpryfvhkxvixcqykjnjgsaastzjfsfkluekkwjvbeejaucmjstpsblozhgnizrlm ejnzotyhalvfksrcgqxpiwmbu
swjwgudceznujynvinmshdmwnpbgefuzcvmph jmingdspycfbvuhewz
ccjpzzl lpczj
mllialxgsippxpwgpfnjsasfgxnjwgnlocwutsnnodunhygonibjtgehctzvfwnrvyxbnnusopliioo lhsonipxwtyubjfgcremvdaz
siqlltyqnjicmsmvkosnf ycoqlnjsvmtifk
emtskzkbiwefrnmvskbautfxmxbjpccbqypyfqerbtjkiltswzwfjppqaxlxaifruvxnmbrzn wnfkbaqrpjiytmclsxzeuv
ukrjgmzteyjjbqbvzstkokrskuhfrgtfzhhfqjcpkhykgrvglcekp kgefbzhjqrymotculspv
lxdrlgzuqkeovmavvgwyhghfndycrmdkiqgsxazmimerekpjivnmgjqxnudldhsnhonm mkgxiqpanwdvsuoeyrzhlcjf
nabe aben
pvuicclissexxrzzthsdxgmfpgeodnqczdgxabxiqpznwnzywaqhylrijojqlymnpnepaasgiysdmwixka etcqazginxusopryjbkwlhdvmf
jqucqnbn ncuqbj
vs vs
jxiwqisnsrwkocmdefckolwpfjqxytqqtlwstkmrb lwcoekmqntxfbsdyrijp
jcacgoxgmsymhxwnffsdqnyxdldbnltehqjkaurmcgyjknhajgggmtyzflcezxwjmondbnhwmwxedlosmxxlexaoavcyjkrg yqdvhxgawmnjokflceusrztb
dixoranccorhtaqnfqlqqmmpjzidlyqakcnjrbbhlkpcoblu thcraxnjlbmqzfkpoiydu
fwjowajuulcoadsuoyllhrzxxipfyyqdtpiignmelnf wjufeopliyxgmnaqdchrtzs
mxsnyhyrmawfqembzyqsauiqqoxscayevpfeselxzrrayfdzfxitorcpyyklmdbdmyfwcapkaohsovscchr schnamdrpbqyvoekxfziwlut
wiabmiqhywtxwjjukaudhjcsglnhwnxnzfnjiljjroqjgkksvewpketshfhawlocxzgflbafx owajuxnsfgzlpitqhbkremcyvd
ewazqenzorqlanfcajgcthlzrdgslwolntpmechl etlnwacqrzsdhfgopmj
sixhnlwfxhizpnwohjfoijupmwdlirqcbpxf fomwrpsqlnbuczhixjd
rkdbwbxihfnqrrwwinqxypahouhmepyfhijjjbfqog qubwjrhnfmdoyaipxgek
pvdgbapdeghamegkhffjkxklpoxfbqruekbpwlbwcvuo mpfhbxkglcarwveudjoq
qfcmzrmffoznpfqmlojcvftzmkorjhhlajnujoaticukdhqzigbmmdwcrsmwyloonavcfytebmqklncl ytcqbzsfwlkiodnmjpahrevgu
sdnfgmdujzorromqcgjedrwnpzfsldecogqjoacwxo mdaqejwzsplngcrfoxu
rldlnswhwwqjygpdsqaxkvzmeukqdduaxparfhcwgigiyqlmziv axwhclmijysqvrpzfdgkune
biz izb
ecyvmblcoczrqu zycvboemrqul
vxhdswczotpbnklezehtjbqazwgdyznxeirbclqodshqndnejvk cnsokbjdqiexthzalyvprgw
vxbroewcmhekzxuuvaqqvllpaaichadssjedhhekunlkbknaaafgszkifrvdrohuuysitbgrcomljwvqbwlpavsmgwip fwacpijmbtlogzsuxvkrheydqn
zhheyjmgpnmzqjqokzmhguppqysvlgztbtdgbwwrtpwyslzdrrjresuvczkdwvappaybnjchzvdzdhzdfx ypjzqnhvtkwgrbmusledacfox
vawyviinobqobchcnhibzgvlcsznwqlhicvybjoyv izobcvqhwayjlsng
btscvripanpthattupwdoabdjdgldcnegm andvbcsgtpleurwhmoji
wwptzdfcgzpztdjigztsnfseyaesjsartdkcsfnyb zskdjrtwayfgeipncb
ctodwvaxoylhjsbngyvtvmqwdjdljruqqibpmhhxnyokulxedbnznsebgqqwxald bmqgsvtlwndxojcpyhraeukiz
ykidpjhabefdxanqmfvxnjrtuisgmxzqexqrixcuspmytopeodiuxejdqunonegbnonaeytauckoiphbhgdciq idhmutnqbajprfeozgkxscyv
skkstiakjcozbihigmcciszcrukjgdyrxrqxzqqpiufsjktefo czoqkgitjrmfahxebsdupy
eflhwtqwokhbxrwmabveuwytjubwijasbjjtxc mubcxweqajyfstlhrvkoi
sxjdxgwxoxizfuicacrevbgacaithkyoupcyafczytjjtipqnzuxupmlcsijshwyqxozndmnnoqrwhhwmdaozrcfcihhulnhtlz xlhiczgajpqfumodrntwsekybv
pamkwunerdosjvhzzbttbyygrvowef aypejomvwfkhbzdrgtsnu
e e
tldtrgwkzqerremvfcqvrobvpnsfzioieukjhrkwbjabmavvijyagltoxpdzyhhol plzoubfrehxktsdgvcqymjwain
zrdbcqfismnrwyjrnewaiojhsqobopaocsasshagzwltnxmqrxfehazflgigamvalqafsfsrdeqblilmlznkelsoeffqwq zdsfxalqemygwoicrkbhpntvj
ugsyubtlfleuhsflutkgeppjcotbjdbvrhekrwmyljlzzizpktujlcjsrvhseaqfybgrmyklvjczqlnixlxlyecmt utblkcfrxgvpzdmeysjqhoianw
aplqrqfektryfsudaulqcfbprcngxappdtwlmxqqwcsyikvgjahg stpakdrnmjclqvyifxwghube
vtoyrbtbqlcoplcxvswoeypyavldtkrwhpnggubwcdzonzjzlatlyacnjyyswcbyghkqpiyjxusjayyndeqgjsncsaxcdkoynju kgucbvyoanslqzphdwextrji
aicwjhhfwzhjjvowgijalpqordxvnqvptkykdrcvxliovrlzdsiybcmoduwlovfpbqypuhryrggcaucspusacmuxgvnb bhiksduopclrgfwzvtyqjnxam
hwawawcyspqkxchcdunejmpltuwebhjkxyguzkdycqebisqxdg jqwzghyxsemkatbudcnpli
qnwtl wlnqt
mweams msaew
giyxvegbryxbpacspjgcfffrpiuhggcjezwfcqolvndmihfhmppsjxyxlkf yfcrpihvgzoxdbmujwensalkq
bhqutjuwwuzibyhisbzvp wtqhuzibvpjys
vphnpljivzrspnsbizdlkdgdzkkrwwlotwpxkctdvlhugrrancesbmxubyhh hbtnkgwzodiclvmsurpyxeaj
oxidmxkqjertqhudnrxzlsmpywpcoakgvtjjqbtpltvdiptwabwguyxfansegwhxpyhvpqpcvlxb xwgdqspjvhciaebryntouklfzm
pvjbyzybxyffpgctmnvfjzhxllklnnqivmuflgvzshkivorwljmvmcherealrwnewedcuwabgbbx kovahqedmflucbgrzinwxsyjtp
cwsnnwcjjlatjweaxqtjoojuumtc uajtwoclqnmxse
ejszfvnqdfjrokpcclkzfhqkmefzpkixmrettbzsgsclxa pecrzdtknbliqsfjmxohagv
rbsapuealdjilolfiwcndrdmybdsornvmpwcmagifwtolcjtojglquniwhnugjfrwyuevernlsgjs peulogbdfcitsrnwavjmhqy
icpgvsaocnbrgidkigoxalmnqbfrqspzawpkxaoerwkzq kqwrblpisdfxogenmvazc
lrktqmrxysiyijqwqmhkvlspxnbebsbqhxgbphppqisbvvleocqkhzrxfrjgzzispqeyuggmgxbdianswpgoxryvxkcgxamwche ricexgnjqhabdzvspykomlwuft
ga ga
nzmkbqrgaeoluugmoqajklxrblrersgqajljtrenuektcjhcxjmneoyelutfbxbprutk rjuegaqxtmlkzncsobfhpy
wgrchlygdfwvxdyytlwshsdh dwvychltsgxrf
iyhpxiufbtpkvyvyygwublpknixdblyixdcmdsymufqdcfvtuyzupefhcbydmivcixkrrgfvrumcwhpbpogbwgdfxmwmszfaxx ipyxwsfucbvhgktdqzmrolaen
vutjrqrtnldpfvcgsxbmmwpsrjcxxlfoxomffpmhsxbmwjmwyqpltigxffnxxfmmydkmdfdbyitdzlzjwvxvexynvewofak nsmxrvoftqweydakpjgluhzbic
epwupfgnlwruojtezr fzprownugjtel
aywjamfdleenmpdqvbfhdkopzpmwnylclnelweupksrrgkacq nlaqedsfgckhywmrpbvujzo
acwflsglfdnvnidluqgybuzffbddzbcsqoyimhbhyxmfrhufcktovzdvskljexxagmcbfaazput zubdmistknhpajvflqgycrxwoe
edkaaygkibdcznqmtreykhhfdor rhdfkqcgnaeityzbom
iuhfstygcuqj uqcifjgtyhs
vwhozfbnpurkidioyjkjvoppadflkrjhgprkezhnesktxgquyeaftlxmnhductflh arunvzieokbhxtjcpldgsfymqw
jotflclmposecpykpbvxevuzezebfnadskzjieohogucchugupbyfcuanymntdgallsezibhsohzjna tlujebsodzpncighxmyavkf
tdiffcfnfuwcmhhpwugstnebrjdkwsrusxjmpetazjteaszicuvuijlejmjrmdmco fetjubmcrvphwsdinkzalxgo
ekqnjwxkvhppgwafvipcv qvwceipgkfhnxja
avtcmyddwqwuaextvccxowkfcrfwsbxfwnkwjcpeqmrhkcyisfbzjk octywjdbfekmsvxprqauzihn
rhlqkpidisaexdavxex qvrakxidslhep
dheclnwukbwfztyywmfnimnwdxayrkwdqclrmcatifamcqffqfv cfdkanymvqhwzxtliebru
fqqmgzivqlnnbbewbldphijbazjbnawehmtwmtcektjbzfbebd zbewhnqlipjtdamcfgvk
vkghgwgj kghjwv
xjcslzeioyoeiofdgxytzdhdcnnkixhzrcghvdioeeznpr xcjhkoydsezinfrpgtlv
rjweerusnapoaoocxwimnzgncsjhpogmtdlmfpknkwwkvlejpyifnajpxjeoesbvkydfdtngnju exfndpaujkgmotslwybzcrihv
zvoqcmfcattmhnsqutmuuwyb maqoybscuzhwtfnv
